{"logTime": "1030/071654", "correlationVector":"PREZnVsa6zRB8hfGJlyBOE.2","action":"Commit Response", "result":"Success", "context":Result: Success. cV=PREZnVsa6zRB8hfGJlyBOE.0;server=GENERAL01000001;cloudType=Consumer;environment=Prod_SoutheastAsia_000j;migrationStage=NotStarted}
{"logTime": "1030/071724", "correlationVector":"K+4CxxchOaTIRA2eH4mlxu","action":"Commit Request", "result":"", "context":Item count: 1
Contributing types: Sessions}
{"logTime": "1030/071724", "correlationVector":"K+4CxxchOaTIRA2eH4mlxu.1","action":"SyncServerConnectionManagerRequest", "result":"SYNC_SERVER_OK", "context":{"environment":"Prod_SoutheastAsia_000j", "migrationStage":"NotStarted", "server":"GENERAL0100000F"}}
{"logTime": "1030/071724", "correlationVector":"K+4CxxchOaTIRA2eH4mlxu.2","action":"Commit Response", "result":"Success", "context":Result: Success. cV=K+4CxxchOaTIRA2eH4mlxu.0;server=GENERAL0100000F;cloudType=Consumer;environment=Prod_SoutheastAsia_000j;migrationStage=NotStarted}
{"logTime": "1030/072000", "correlationVector":"vfGEqx/Ay/cuq4a2Q1VK1a","action":"Commit Request", "result":"", "context":Item count: 1
Contributing types: Sessions}
{"logTime": "1030/072001", "correlationVector":"vfGEqx/Ay/cuq4a2Q1VK1a.1","action":"SyncServerConnectionManagerRequest", "result":"SYNC_SERVER_OK", "context":{"environment":"Prod_SoutheastAsia_000j", "migrationStage":"NotStarted", "server":"GENERAL0100000L"}}
{"logTime": "1030/072001", "correlationVector":"vfGEqx/Ay/cuq4a2Q1VK1a.2","action":"Commit Response", "result":"Success", "context":Result: Success. cV=vfGEqx/Ay/cuq4a2Q1VK1a.0;server=GENERAL0100000L;cloudType=Consumer;environment=Prod_SoutheastAsia_000j;migrationStage=NotStarted}
{"logTime": "1030/072051", "correlationVector":"luDKIqbtTpKlJaPoE6p4Ju.1","action":"SyncServerConnectionManagerRequest", "result":"SYNC_SERVER_OK", "context":{"environment":"Prod_SoutheastAsia_000j", "migrationStage":"NotStarted", "server":"GENERAL0100000Q"}}
{"logTime": "1030/072051", "correlationVector":"ltY3+rG9n/2wWe5j51NKEi","action":"SyncServerConnectionManagerRequest", "result":"SYNC_SERVER_OK", "context":{"environment":"", "migrationStage":"", "server":""}}
{"logTime": "1030/072051", "correlationVector":"luDKIqbtTpKlJaPoE6p4Ju","action":"Initial GetUpdates", "result":"", "context":Reason: NEW_CLIENT. cV=luDKIqbtTpKlJaPoE6p4Ju}
{"logTime": "1030/072051", "correlationVector":"luDKIqbtTpKlJaPoE6p4Ju.2","action":"GetUpdates Response", "result":"Success", "context":Received 1 update(s). cV=luDKIqbtTpKlJaPoE6p4Ju.0;server=GENERAL0100000Q;cloudType=Consumer;environment=Prod_SoutheastAsia_000j;migrationStage=NotStarted}
{"logTime": "1030/072051", "correlationVector":"844GtqDu7b622BuyZPdjqe","action":"Initial GetUpdates", "result":"", "context":Reason: NEWLY_SUPPORTED_DATATYPE. cV=844GtqDu7b622BuyZPdjqe}
{"logTime": "1030/072052", "correlationVector":"844GtqDu7b622BuyZPdjqe.1","action":"SyncServerConnectionManagerRequest", "result":"SYNC_SERVER_OK", "context":{"environment":"Prod_SoutheastAsia_000j", "migrationStage":"NotStarted", "server":"GENERAL01000012"}}
{"logTime": "1030/072052", "correlationVector":"844GtqDu7b622BuyZPdjqe.2","action":"GetUpdates Response", "result":"Success", "context":Received 1 update(s). cV=844GtqDu7b622BuyZPdjqe.0;server=GENERAL01000012;cloudType=Consumer;environment=Prod_SoutheastAsia_000j;migrationStage=NotStarted}
{"logTime": "1030/072052", "correlationVector":"uPLeyF87GJITgKBI9SV2kj","action":"Normal GetUpdate request", "result":"", "context":cV=uPLeyF87GJITgKBI9SV2kj
Nudged types: Sessions
Refresh requested types: Bookmarks, Preferences, Passwords, Autofill Profiles, Autofill, Typed URLs, Extensions, Sessions, Extension settings, History Delete Directives, Device Info, User Consents, Send Tab To Self, Web Apps, Collection, Edge E Drop, Edge Hub App Usage, Edge Tab Group, Edge Wallet, Encryption Keys}
{"logTime": "1030/072052", "correlationVector":"uPLeyF87GJITgKBI9SV2kj.1","action":"SyncServerConnectionManagerRequest", "result":"SYNC_SERVER_OK", "context":{"environment":"Prod_SoutheastAsia_000j", "migrationStage":"NotStarted", "server":"GENERAL0300000Z"}}
{"logTime": "1030/072052", "correlationVector":"uPLeyF87GJITgKBI9SV2kj.2","action":"GetUpdates", "result":"DeleteReceived", "context":{"id":"7f933f89-de0d-47dc-952d-5dd0da15bcf2", "isDeleted:":"true", "version":"1730272613641"}}
{"logTime": "1030/072052", "correlationVector":"uPLeyF87GJITgKBI9SV2kj.3","action":"GetUpdates Response", "result":"Success", "context":Received 2 update(s). cV=uPLeyF87GJITgKBI9SV2kj.0;server=GENERAL0300000Z;cloudType=Consumer;environment=Prod_SoutheastAsia_000j;migrationStage=NotStarted}
{"logTime": "1030/072052", "correlationVector":"62TNELONsqsjRhIHH5F+8+","action":"Commit Request", "result":"", "context":Item count: 3
Contributing types: Sessions}
{"logTime": "1030/072053", "correlationVector":"62TNELONsqsjRhIHH5F+8+.1","action":"SyncServerConnectionManagerRequest", "result":"SYNC_SERVER_OK", "context":{"environment":"Prod_SoutheastAsia_000j", "migrationStage":"NotStarted", "server":"GENERAL03000020"}}
{"logTime": "1030/072053", "correlationVector":"62TNELONsqsjRhIHH5F+8+.2","action":"Commit Response", "result":"Success", "context":Result: Success. cV=62TNELONsqsjRhIHH5F+8+.0;server=GENERAL03000020;cloudType=Consumer;environment=Prod_SoutheastAsia_000j;migrationStage=NotStarted}
{"logTime": "1030/072053", "correlationVector":"62TNELONsqsjRhIHH5F+8+.3","action":"Commit.Sessions", "result":"Success", "context":{"id":"0cd89d9a-47e7-47ff-802c-c1ac08f1a9a2", "isDeleted":"true", "size":"0", "version":"1730272800510"}}
{"logTime": "1030/072123", "correlationVector":"jR/XHOVBpzoR6PVXtFxh6H","action":"Normal GetUpdate request", "result":"", "context":cV=jR/XHOVBpzoR6PVXtFxh6H
Nudged types: Sessions}
{"logTime": "1030/072123", "correlationVector":"jR/XHOVBpzoR6PVXtFxh6H.1","action":"SyncServerConnectionManagerRequest", "result":"SYNC_SERVER_OK", "context":{"environment":"Prod_SoutheastAsia_000j", "migrationStage":"NotStarted", "server":"GENERAL03000003"}}
{"logTime": "1030/072123", "correlationVector":"jR/XHOVBpzoR6PVXtFxh6H.2","action":"GetUpdates", "result":"DeleteReceived", "context":{"id":"0cd89d9a-47e7-47ff-802c-c1ac08f1a9a2", "isDeleted:":"true", "version":"1730272852522"}}
{"logTime": "1030/072123", "correlationVector":"jR/XHOVBpzoR6PVXtFxh6H.3","action":"GetUpdates Response", "result":"Success", "context":Received 3 update(s). cV=jR/XHOVBpzoR6PVXtFxh6H.0;server=GENERAL03000003;cloudType=Consumer;environment=Prod_SoutheastAsia_000j;migrationStage=NotStarted}
{"logTime": "1030/072123", "correlationVector":"Y7k6eMxMNmtuYzci64x7nx","action":"Commit Request", "result":"", "context":Item count: 1
Contributing types: Sessions}
{"logTime": "1030/072124", "correlationVector":"Y7k6eMxMNmtuYzci64x7nx.1","action":"SyncServerConnectionManagerRequest", "result":"SYNC_SERVER_OK", "context":{"environment":"Prod_SoutheastAsia_000j", "migrationStage":"NotStarted", "server":"GENERAL01000011"}}
{"logTime": "1030/072124", "correlationVector":"Y7k6eMxMNmtuYzci64x7nx.2","action":"Commit Response", "result":"Success", "context":Result: Success. cV=Y7k6eMxMNmtuYzci64x7nx.0;server=GENERAL01000011;cloudType=Consumer;environment=Prod_SoutheastAsia_000j;migrationStage=NotStarted}
{"logTime": "1030/072154", "correlationVector":"CFpUmmQELJ+Clpts1NEw5C","action":"Commit Request", "result":"", "context":Item count: 1
Contributing types: Sessions}
{"logTime": "1030/072154", "correlationVector":"CFpUmmQELJ+Clpts1NEw5C.1","action":"SyncServerConnectionManagerRequest", "result":"SYNC_SERVER_OK", "context":{"environment":"Prod_SoutheastAsia_000j", "migrationStage":"NotStarted", "server":"GENERAL0300001D"}}
{"logTime": "1030/072154", "correlationVector":"CFpUmmQELJ+Clpts1NEw5C.2","action":"Commit Response", "result":"Success", "context":Result: Success. cV=CFpUmmQELJ+Clpts1NEw5C.0;server=GENERAL0300001D;cloudType=Consumer;environment=Prod_SoutheastAsia_000j;migrationStage=NotStarted}
{"logTime": "1030/072344", "correlationVector":"77oLVyJxmmf5IkoiwZW4jM","action":"Commit Request", "result":"", "context":Item count: 1
Contributing types: Sessions}
{"logTime": "1030/072345", "correlationVector":"77oLVyJxmmf5IkoiwZW4jM.1","action":"SyncServerConnectionManagerRequest", "result":"SYNC_SERVER_OK", "context":{"environment":"Prod_SoutheastAsia_000j", "migrationStage":"NotStarted", "server":"GENERAL03000011"}}
{"logTime": "1030/072345", "correlationVector":"77oLVyJxmmf5IkoiwZW4jM.2","action":"Commit Response", "result":"Success", "context":Result: Success. cV=77oLVyJxmmf5IkoiwZW4jM.0;server=GENERAL03000011;cloudType=Consumer;environment=Prod_SoutheastAsia_000j;migrationStage=NotStarted}
{"logTime": "1030/072550", "correlationVector":"d8InkRt86TqrMdic5hlxyl","action":"Normal GetUpdate request", "result":"", "context":cV=d8InkRt86TqrMdic5hlxyl
Nudged types: Sessions
Refresh requested types: Bookmarks, Preferences, Passwords, Autofill Profiles, Autofill, Typed URLs, Extensions, Sessions, Extension settings, History Delete Directives, Device Info, User Consents, Send Tab To Self, Web Apps, Collection, Edge E Drop, Edge Hub App Usage, Edge Tab Group, Edge Wallet, Encryption Keys}
{"logTime": "1030/072550", "correlationVector":"d8InkRt86TqrMdic5hlxyl.1","action":"SyncServerConnectionManagerRequest", "result":"SYNC_SERVER_OK", "context":{"environment":"Prod_SoutheastAsia_000j", "migrationStage":"NotStarted", "server":"GENERAL0300001S"}}
{"logTime": "1030/072550", "correlationVector":"d8InkRt86TqrMdic5hlxyl.2","action":"GetUpdates Response", "result":"Success", "context":Received 1 update(s). cV=d8InkRt86TqrMdic5hlxyl.0;server=GENERAL0300001S;cloudType=Consumer;environment=Prod_SoutheastAsia_000j;migrationStage=NotStarted}
{"logTime": "1030/072550", "correlationVector":"43uLaHLx/xt2WBEDo56vqJ","action":"Commit Request", "result":"", "context":Item count: 1
Contributing types: Sessions}
{"logTime": "1030/072551", "correlationVector":"43uLaHLx/xt2WBEDo56vqJ.1","action":"SyncServerConnectionManagerRequest", "result":"SYNC_SERVER_OK", "context":{"environment":"Prod_SoutheastAsia_000j", "migrationStage":"NotStarted", "server":"GENERAL0300001D"}}
{"logTime": "1030/072551", "correlationVector":"43uLaHLx/xt2WBEDo56vqJ.2","action":"Commit Response", "result":"Success", "context":Result: Success. cV=43uLaHLx/xt2WBEDo56vqJ.0;server=GENERAL0300001D;cloudType=Consumer;environment=Prod_SoutheastAsia_000j;migrationStage=NotStarted}
{"logTime": "1030/072621", "correlationVector":"YEJEFhLo7xxDR5c7POH0u2","action":"Normal GetUpdate request", "result":"", "context":cV=YEJEFhLo7xxDR5c7POH0u2
Nudged types: Sessions}
{"logTime": "1030/072621", "correlationVector":"YEJEFhLo7xxDR5c7POH0u2.1","action":"SyncServerConnectionManagerRequest", "result":"SYNC_SERVER_OK", "context":{"environment":"Prod_SoutheastAsia_000j", "migrationStage":"NotStarted", "server":"GENERAL0100001I"}}
{"logTime": "1030/072621", "correlationVector":"YEJEFhLo7xxDR5c7POH0u2.2","action":"GetUpdates Response", "result":"Success", "context":Received 1 update(s). cV=YEJEFhLo7xxDR5c7POH0u2.0;server=GENERAL0100001I;cloudType=Consumer;environment=Prod_SoutheastAsia_000j;migrationStage=NotStarted}
{"logTime": "1030/072856", "correlationVector":"cW7ugyfPtm6y2ZGX68EmfV","action":"Commit Request", "result":"", "context":Item count: 1
Contributing types: Sessions}
{"logTime": "1030/072857", "correlationVector":"cW7ugyfPtm6y2ZGX68EmfV.1","action":"SyncServerConnectionManagerRequest", "result":"SYNC_SERVER_OK", "context":{"environment":"Prod_SoutheastAsia_000j", "migrationStage":"NotStarted", "server":"GENERAL0300002B"}}
{"logTime": "1030/072857", "correlationVector":"cW7ugyfPtm6y2ZGX68EmfV.2","action":"Commit Response", "result":"Success", "context":Result: Success. cV=cW7ugyfPtm6y2ZGX68EmfV.0;server=GENERAL0300002B;cloudType=Consumer;environment=Prod_SoutheastAsia_000j;migrationStage=NotStarted}
{"logTime": "1030/073013", "correlationVector":"aFrMxYW2vrvEWDS43xSrar","action":"Commit Request", "result":"", "context":Item count: 1
Contributing types: Sessions}
{"logTime": "1030/073013", "correlationVector":"aFrMxYW2vrvEWDS43xSrar.1","action":"SyncServerConnectionManagerRequest", "result":"SYNC_SERVER_OK", "context":{"environment":"Prod_SoutheastAsia_000j", "migrationStage":"NotStarted", "server":"GENERAL01000001"}}
{"logTime": "1030/073013", "correlationVector":"aFrMxYW2vrvEWDS43xSrar.2","action":"Commit Response", "result":"Success", "context":Result: Success. cV=aFrMxYW2vrvEWDS43xSrar.0;server=GENERAL01000001;cloudType=Consumer;environment=Prod_SoutheastAsia_000j;migrationStage=NotStarted}
{"logTime": "1030/073050", "correlationVector":"gB3ZrRkxTsFsxqC3XDjXYF","action":"Normal GetUpdate request", "result":"", "context":cV=gB3ZrRkxTsFsxqC3XDjXYF
Refresh requested types: Bookmarks, Preferences, Passwords, Autofill Profiles, Autofill, Typed URLs, Extensions, Sessions, Extension settings, History Delete Directives, Device Info, User Consents, Send Tab To Self, Web Apps, Collection, Edge E Drop, Edge Hub App Usage, Edge Tab Group, Edge Wallet, Encryption Keys}
{"logTime": "1030/073050", "correlationVector":"gB3ZrRkxTsFsxqC3XDjXYF.1","action":"SyncServerConnectionManagerRequest", "result":"SYNC_SERVER_OK", "context":{"environment":"Prod_SoutheastAsia_000j", "migrationStage":"NotStarted", "server":"GENERAL0300000Y"}}
{"logTime": "1030/073050", "correlationVector":"gB3ZrRkxTsFsxqC3XDjXYF.2","action":"GetUpdates Response", "result":"Success", "context":Received 1 update(s). cV=gB3ZrRkxTsFsxqC3XDjXYF.0;server=GENERAL0300000Y;cloudType=Consumer;environment=Prod_SoutheastAsia_000j;migrationStage=NotStarted}
{"logTime": "1030/073155", "correlationVector":"Uw2EGtkTixN/RUFXrlXokj","action":"Commit Request", "result":"", "context":Item count: 1
Contributing types: Sessions}
{"logTime": "1030/073155", "correlationVector":"Uw2EGtkTixN/RUFXrlXokj.1","action":"SyncServerConnectionManagerRequest", "result":"SYNC_SERVER_OK", "context":{"environment":"Prod_SoutheastAsia_000j", "migrationStage":"NotStarted", "server":"GENERAL03000027"}}
{"logTime": "1030/073155", "correlationVector":"Uw2EGtkTixN/RUFXrlXokj.2","action":"Commit Response", "result":"Success", "context":Result: Success. cV=Uw2EGtkTixN/RUFXrlXokj.0;server=GENERAL03000027;cloudType=Consumer;environment=Prod_SoutheastAsia_000j;migrationStage=NotStarted}
{"logTime": "1030/075958", "correlationVector":"9AYauExzMu3tZL5m/4ES09.1","action":"SyncServerConnectionManagerRequest", "result":"SYNC_SERVER_OK", "context":{"environment":"Prod_SoutheastAsia_000j", "migrationStage":"NotStarted", "server":"GENERAL0100000R"}}
{"logTime": "1030/075959", "correlationVector":"xYAPjmol3Seih0XiYvi6yj","action":"SyncServerConnectionManagerRequest", "result":"SYNC_SERVER_OK", "context":{"environment":"", "migrationStage":"", "server":""}}
{"logTime": "1030/075959", "correlationVector":"9AYauExzMu3tZL5m/4ES09","action":"Initial GetUpdates", "result":"", "context":Reason: NEW_CLIENT. cV=9AYauExzMu3tZL5m/4ES09}
{"logTime": "1030/075959", "correlationVector":"9AYauExzMu3tZL5m/4ES09.2","action":"GetUpdates Response", "result":"Success", "context":Received 1 update(s). cV=9AYauExzMu3tZL5m/4ES09.0;server=GENERAL0100000R;cloudType=Consumer;environment=Prod_SoutheastAsia_000j;migrationStage=NotStarted}
{"logTime": "1030/075959", "correlationVector":"iFderea+4z9Cur/G4g8ujp","action":"Initial GetUpdates", "result":"", "context":Reason: NEWLY_SUPPORTED_DATATYPE. cV=iFderea+4z9Cur/G4g8ujp}
{"logTime": "1030/080000", "correlationVector":"iFderea+4z9Cur/G4g8ujp.1","action":"SyncServerConnectionManagerRequest", "result":"SYNC_SERVER_OK", "context":{"environment":"Prod_SoutheastAsia_000j", "migrationStage":"NotStarted", "server":"GENERAL0100001B"}}
{"logTime": "1030/080000", "correlationVector":"iFderea+4z9Cur/G4g8ujp.2","action":"GetUpdates Response", "result":"Success", "context":Received 1 update(s). cV=iFderea+4z9Cur/G4g8ujp.0;server=GENERAL0100001B;cloudType=Consumer;environment=Prod_SoutheastAsia_000j;migrationStage=NotStarted}
{"logTime": "1030/080000", "correlationVector":"NrwLzMUilhnYO8fn60vuWH","action":"Normal GetUpdate request", "result":"", "context":cV=NrwLzMUilhnYO8fn60vuWH
Nudged types: Sessions
Refresh requested types: Bookmarks, Preferences, Passwords, Autofill Profiles, Autofill, Typed URLs, Extensions, Sessions, Extension settings, History Delete Directives, Device Info, User Consents, Send Tab To Self, Web Apps, Collection, Edge E Drop, Edge Hub App Usage, Edge Tab Group, Edge Wallet, Encryption Keys}
{"logTime": "1030/080000", "correlationVector":"NrwLzMUilhnYO8fn60vuWH.1","action":"SyncServerConnectionManagerRequest", "result":"SYNC_SERVER_OK", "context":{"environment":"Prod_SoutheastAsia_000j", "migrationStage":"NotStarted", "server":"GENERAL03000025"}}
{"logTime": "1030/080000", "correlationVector":"NrwLzMUilhnYO8fn60vuWH.2","action":"GetUpdates Response", "result":"Success", "context":Received 1 update(s). cV=NrwLzMUilhnYO8fn60vuWH.0;server=GENERAL03000025;cloudType=Consumer;environment=Prod_SoutheastAsia_000j;migrationStage=NotStarted}
{"logTime": "1030/080000", "correlationVector":"Dl68nYm5VsIlMC/i0coHgP","action":"Commit Request", "result":"", "context":Item count: 3
Contributing types: Sessions}
{"logTime": "1030/080001", "correlationVector":"Dl68nYm5VsIlMC/i0coHgP.1","action":"SyncServerConnectionManagerRequest", "result":"SYNC_SERVER_OK", "context":{"environment":"Prod_SoutheastAsia_000j", "migrationStage":"NotStarted", "server":"GENERAL0100000H"}}
{"logTime": "1030/080001", "correlationVector":"Dl68nYm5VsIlMC/i0coHgP.2","action":"Commit Response", "result":"Success", "context":Result: Success. cV=Dl68nYm5VsIlMC/i0coHgP.0;server=GENERAL0100000H;cloudType=Consumer;environment=Prod_SoutheastAsia_000j;migrationStage=NotStarted}
{"logTime": "1030/080001", "correlationVector":"Dl68nYm5VsIlMC/i0coHgP.3","action":"Commit.Sessions", "result":"Success", "context":{"id":"e024a659-06fc-44c1-bfec-9624ad306fc0", "isDeleted":"true", "size":"0", "version":"1730273514880"}}
{"logTime": "1030/080031", "correlationVector":"y3Zk88BGYxxDB+bv+zBzSP","action":"Normal GetUpdate request", "result":"", "context":cV=y3Zk88BGYxxDB+bv+zBzSP
Nudged types: Sessions}
{"logTime": "1030/080031", "correlationVector":"y3Zk88BGYxxDB+bv+zBzSP.1","action":"SyncServerConnectionManagerRequest", "result":"SYNC_SERVER_OK", "context":{"environment":"Prod_SoutheastAsia_000j", "migrationStage":"NotStarted", "server":"GENERAL03000025"}}
{"logTime": "1030/080031", "correlationVector":"y3Zk88BGYxxDB+bv+zBzSP.2","action":"GetUpdates", "result":"DeleteReceived", "context":{"id":"e024a659-06fc-44c1-bfec-9624ad306fc0", "isDeleted:":"true", "version":"1730275200266"}}
{"logTime": "1030/080031", "correlationVector":"y3Zk88BGYxxDB+bv+zBzSP.3","action":"GetUpdates Response", "result":"Success", "context":Received 3 update(s). cV=y3Zk88BGYxxDB+bv+zBzSP.0;server=GENERAL03000025;cloudType=Consumer;environment=Prod_SoutheastAsia_000j;migrationStage=NotStarted}
{"logTime": "1030/080031", "correlationVector":"iu6BZARjzS8x0WBafXRs4w","action":"Commit Request", "result":"", "context":Item count: 1
Contributing types: Sessions}
{"logTime": "1030/080031", "correlationVector":"iu6BZARjzS8x0WBafXRs4w.1","action":"SyncServerConnectionManagerRequest", "result":"SYNC_SERVER_OK", "context":{"environment":"Prod_SoutheastAsia_000j", "migrationStage":"NotStarted", "server":"GENERAL0300001W"}}
{"logTime": "1030/080031", "correlationVector":"iu6BZARjzS8x0WBafXRs4w.2","action":"Commit Response", "result":"Success", "context":Result: Success. cV=iu6BZARjzS8x0WBafXRs4w.0;server=GENERAL0300001W;cloudType=Consumer;environment=Prod_SoutheastAsia_000j;migrationStage=NotStarted}
{"logTime": "1030/080101", "correlationVector":"72IayapGYlpGr7AIuX8ISG","action":"Normal GetUpdate request", "result":"", "context":cV=72IayapGYlpGr7AIuX8ISG
Nudged types: Sessions}
{"logTime": "1030/080102", "correlationVector":"72IayapGYlpGr7AIuX8ISG.1","action":"SyncServerConnectionManagerRequest", "result":"SYNC_SERVER_OK", "context":{"environment":"Prod_SoutheastAsia_000j", "migrationStage":"NotStarted", "server":"GENERAL0100000U"}}
{"logTime": "1030/080102", "correlationVector":"72IayapGYlpGr7AIuX8ISG.2","action":"GetUpdates Response", "result":"Success", "context":Received 1 update(s). cV=72IayapGYlpGr7AIuX8ISG.0;server=GENERAL0100000U;cloudType=Consumer;environment=Prod_SoutheastAsia_000j;migrationStage=NotStarted}
{"logTime": "1030/080145", "correlationVector":"xgvmfK/VXTOV+Jqp6/6AkY","action":"Normal GetUpdate request", "result":"", "context":cV=xgvmfK/VXTOV+Jqp6/6AkY
Nudged types: Sessions}
{"logTime": "1030/080145", "correlationVector":"xgvmfK/VXTOV+Jqp6/6AkY.1","action":"SyncServerConnectionManagerRequest", "result":"SYNC_SERVER_OK", "context":{"environment":"Prod_SoutheastAsia_000j", "migrationStage":"NotStarted", "server":"GENERAL0300001O"}}
{"logTime": "1030/080145", "correlationVector":"xgvmfK/VXTOV+Jqp6/6AkY.2","action":"GetUpdates Response", "result":"Success", "context":Received 0 update(s). cV=xgvmfK/VXTOV+Jqp6/6AkY.0;server=GENERAL0300001O;cloudType=Consumer;environment=Prod_SoutheastAsia_000j;migrationStage=NotStarted}
{"logTime": "1030/080145", "correlationVector":"EnSYH4RseH5wtVLgy+SpAV","action":"Commit Request", "result":"", "context":Item count: 1
Contributing types: Sessions}
{"logTime": "1030/080146", "correlationVector":"EnSYH4RseH5wtVLgy+SpAV.1","action":"SyncServerConnectionManagerRequest", "result":"SYNC_SERVER_OK", "context":{"environment":"Prod_SoutheastAsia_000j", "migrationStage":"NotStarted", "server":"GENERAL0300001V"}}
{"logTime": "1030/080146", "correlationVector":"EnSYH4RseH5wtVLgy+SpAV.2","action":"Commit Response", "result":"Success", "context":Result: Success. cV=EnSYH4RseH5wtVLgy+SpAV.0;server=GENERAL0300001V;cloudType=Consumer;environment=Prod_SoutheastAsia_000j;migrationStage=NotStarted}
{"logTime": "1030/080352", "correlationVector":"4PLhZPKwNOjiMIpqn6zkNl","action":"Commit Request", "result":"", "context":Item count: 1
Contributing types: Sessions}
{"logTime": "1030/080352", "correlationVector":"4PLhZPKwNOjiMIpqn6zkNl.1","action":"SyncServerConnectionManagerRequest", "result":"SYNC_SERVER_OK", "context":{"environment":"Prod_SoutheastAsia_000j", "migrationStage":"NotStarted", "server":"GENERAL0300001U"}}
{"logTime": "1030/080352", "correlationVector":"4PLhZPKwNOjiMIpqn6zkNl.2","action":"Commit Response", "result":"Success", "context":Result: Success. cV=4PLhZPKwNOjiMIpqn6zkNl.0;server=GENERAL0300001U;cloudType=Consumer;environment=Prod_SoutheastAsia_000j;migrationStage=NotStarted}
{"logTime": "1030/080456", "correlationVector":"rgeLR7xwEEb0gmxZCoRZeU","action":"Normal GetUpdate request", "result":"", "context":cV=rgeLR7xwEEb0gmxZCoRZeU
Refresh requested types: Bookmarks, Preferences, Passwords, Autofill Profiles, Autofill, Typed URLs, Extensions, Sessions, Extension settings, History Delete Directives, Device Info, User Consents, Send Tab To Self, Web Apps, Collection, Edge E Drop, Edge Hub App Usage, Edge Tab Group, Edge Wallet, Encryption Keys}
{"logTime": "1030/080457", "correlationVector":"rgeLR7xwEEb0gmxZCoRZeU.1","action":"SyncServerConnectionManagerRequest", "result":"SYNC_SERVER_OK", "context":{"environment":"Prod_SoutheastAsia_000j", "migrationStage":"NotStarted", "server":"GENERAL0100001A"}}
{"logTime": "1030/080457", "correlationVector":"rgeLR7xwEEb0gmxZCoRZeU.2","action":"GetUpdates Response", "result":"Success", "context":Received 1 update(s). cV=rgeLR7xwEEb0gmxZCoRZeU.0;server=GENERAL0100001A;cloudType=Consumer;environment=Prod_SoutheastAsia_000j;migrationStage=NotStarted}
{"logTime": "1030/080830", "correlationVector":"+pUzTgwhNQcucJKx1e+ZBZ","action":"Commit Request", "result":"", "context":Item count: 1
Contributing types: Sessions}
{"logTime": "1030/080831", "correlationVector":"+pUzTgwhNQcucJKx1e+ZBZ.1","action":"SyncServerConnectionManagerRequest", "result":"SYNC_SERVER_OK", "context":{"environment":"Prod_SoutheastAsia_000j", "migrationStage":"NotStarted", "server":"GENERAL0100001K"}}
{"logTime": "1030/080831", "correlationVector":"+pUzTgwhNQcucJKx1e+ZBZ.2","action":"Commit Response", "result":"Success", "context":Result: Success. cV=+pUzTgwhNQcucJKx1e+ZBZ.0;server=GENERAL0100001K;cloudType=Consumer;environment=Prod_SoutheastAsia_000j;migrationStage=NotStarted}
{"logTime": "1030/080950", "correlationVector":"R+O0QPoIkFN0tDNTUsvDvE","action":"Commit Request", "result":"", "context":Item count: 1
Contributing types: Sessions}
{"logTime": "1030/080950", "correlationVector":"R+O0QPoIkFN0tDNTUsvDvE.1","action":"SyncServerConnectionManagerRequest", "result":"SYNC_SERVER_OK", "context":{"environment":"Prod_SoutheastAsia_000j", "migrationStage":"NotStarted", "server":"GENERAL0300002D"}}
{"logTime": "1030/080950", "correlationVector":"R+O0QPoIkFN0tDNTUsvDvE.2","action":"Commit Response", "result":"Success", "context":Result: Success. cV=R+O0QPoIkFN0tDNTUsvDvE.0;server=GENERAL0300002D;cloudType=Consumer;environment=Prod_SoutheastAsia_000j;migrationStage=NotStarted}
{"logTime": "1030/081045", "correlationVector":"8XMrUreHW3L9QO18HFaM22","action":"Commit Request", "result":"", "context":Item count: 1
Contributing types: Sessions}
{"logTime": "1030/081046", "correlationVector":"8XMrUreHW3L9QO18HFaM22.1","action":"SyncServerConnectionManagerRequest", "result":"SYNC_SERVER_OK", "context":{"environment":"Prod_SoutheastAsia_000j", "migrationStage":"NotStarted", "server":"GENERAL01000012"}}
{"logTime": "1030/081046", "correlationVector":"8XMrUreHW3L9QO18HFaM22.2","action":"Commit Response", "result":"Success", "context":Result: Success. cV=8XMrUreHW3L9QO18HFaM22.0;server=GENERAL01000012;cloudType=Consumer;environment=Prod_SoutheastAsia_000j;migrationStage=NotStarted}
{"logTime": "1030/081313", "correlationVector":"Lxox+PdDTwP1OD5fJjEF3N","action":"Commit Request", "result":"", "context":Item count: 1
Contributing types: Sessions}
{"logTime": "1030/081314", "correlationVector":"Lxox+PdDTwP1OD5fJjEF3N.1","action":"SyncServerConnectionManagerRequest", "result":"SYNC_SERVER_OK", "context":{"environment":"Prod_SoutheastAsia_000j", "migrationStage":"NotStarted", "server":"GENERAL03000020"}}
{"logTime": "1030/081314", "correlationVector":"Lxox+PdDTwP1OD5fJjEF3N.2","action":"Commit Response", "result":"Success", "context":Result: Success. cV=Lxox+PdDTwP1OD5fJjEF3N.0;server=GENERAL03000020;cloudType=Consumer;environment=Prod_SoutheastAsia_000j;migrationStage=NotStarted}
{"logTime": "1030/081503", "correlationVector":"WaoAUmzAyJVqqwcpPMUdqJ","action":"Commit Request", "result":"", "context":Item count: 1
Contributing types: Sessions}
{"logTime": "1030/081503", "correlationVector":"WaoAUmzAyJVqqwcpPMUdqJ.1","action":"SyncServerConnectionManagerRequest", "result":"SYNC_SERVER_OK", "context":{"environment":"Prod_SoutheastAsia_000j", "migrationStage":"NotStarted", "server":"GENERAL0100000F"}}
{"logTime": "1030/081503", "correlationVector":"WaoAUmzAyJVqqwcpPMUdqJ.2","action":"Commit Response", "result":"Success", "context":Result: Success. cV=WaoAUmzAyJVqqwcpPMUdqJ.0;server=GENERAL0100000F;cloudType=Consumer;environment=Prod_SoutheastAsia_000j;migrationStage=NotStarted}
{"logTime": "1030/082142", "correlationVector":"ssfznrYNoV0L2N4qdRNn/5","action":"Commit Request", "result":"", "context":Item count: 1
Contributing types: Sessions}
{"logTime": "1030/082143", "correlationVector":"ssfznrYNoV0L2N4qdRNn/5.1","action":"SyncServerConnectionManagerRequest", "result":"SYNC_SERVER_OK", "context":{"environment":"Prod_SoutheastAsia_000j", "migrationStage":"NotStarted", "server":"GENERAL0300001C"}}
{"logTime": "1030/082143", "correlationVector":"ssfznrYNoV0L2N4qdRNn/5.2","action":"Commit Response", "result":"Success", "context":Result: Success. cV=ssfznrYNoV0L2N4qdRNn/5.0;server=GENERAL0300001C;cloudType=Consumer;environment=Prod_SoutheastAsia_000j;migrationStage=NotStarted}
{"logTime": "1030/082341", "correlationVector":"2ytrVnTG2g3ly1GT8+3v6V","action":"Commit Request", "result":"", "context":Item count: 1
Contributing types: Sessions}
{"logTime": "1030/082341", "correlationVector":"2ytrVnTG2g3ly1GT8+3v6V.1","action":"SyncServerConnectionManagerRequest", "result":"SYNC_SERVER_OK", "context":{"environment":"Prod_SoutheastAsia_000j", "migrationStage":"NotStarted", "server":"GENERAL03000025"}}
{"logTime": "1030/082341", "correlationVector":"2ytrVnTG2g3ly1GT8+3v6V.2","action":"Commit Response", "result":"Success", "context":Result: Success. cV=2ytrVnTG2g3ly1GT8+3v6V.0;server=GENERAL03000025;cloudType=Consumer;environment=Prod_SoutheastAsia_000j;migrationStage=NotStarted}
{"logTime": "1105/012036", "correlationVector":"16tGuPHKJEB4EN0GeAbOIM.1","action":"SyncServerConnectionManagerRequest", "result":"SYNC_SERVER_OK", "context":{"environment":"Prod_SoutheastAsia_000j", "migrationStage":"NotStarted", "server":"GENERAL0300001C"}}
{"logTime": "1105/012037", "correlationVector":"tNgUU20A1mvVi6jeurU+iQ","action":"SyncServerConnectionManagerRequest", "result":"SYNC_SERVER_OK", "context":{"environment":"", "migrationStage":"", "server":""}}
{"logTime": "1105/012037", "correlationVector":"16tGuPHKJEB4EN0GeAbOIM","action":"Initial GetUpdates", "result":"", "context":Reason: NEW_CLIENT. cV=16tGuPHKJEB4EN0GeAbOIM}
{"logTime": "1105/012037", "correlationVector":"16tGuPHKJEB4EN0GeAbOIM.2","action":"GetUpdates Response", "result":"Success", "context":Received 1 update(s). cV=16tGuPHKJEB4EN0GeAbOIM.0;server=GENERAL0300001C;cloudType=Consumer;environment=Prod_SoutheastAsia_000j;migrationStage=NotStarted}
{"logTime": "1105/012037", "correlationVector":"bTK/Y02iQvlQrulwZMUZs5","action":"Initial GetUpdates", "result":"", "context":Reason: NEWLY_SUPPORTED_DATATYPE. cV=bTK/Y02iQvlQrulwZMUZs5}
{"logTime": "1105/012037", "correlationVector":"bTK/Y02iQvlQrulwZMUZs5.1","action":"SyncServerConnectionManagerRequest", "result":"SYNC_SERVER_OK", "context":{"environment":"Prod_SoutheastAsia_000j", "migrationStage":"NotStarted", "server":"GENERAL03000012"}}
{"logTime": "1105/012037", "correlationVector":"bTK/Y02iQvlQrulwZMUZs5.2","action":"GetUpdates Response", "result":"Success", "context":Received 1 update(s). cV=bTK/Y02iQvlQrulwZMUZs5.0;server=GENERAL03000012;cloudType=Consumer;environment=Prod_SoutheastAsia_000j;migrationStage=NotStarted}
{"logTime": "1105/012037", "correlationVector":"LzhuhlaSQl1p4glCFArADx","action":"Normal GetUpdate request", "result":"", "context":cV=LzhuhlaSQl1p4glCFArADx
Nudged types: Sessions, Device Info
Refresh requested types: Bookmarks, Preferences, Passwords, Autofill Profiles, Autofill, Typed URLs, Extensions, Sessions, Extension settings, History Delete Directives, Device Info, User Consents, Send Tab To Self, Web Apps, Collection, Edge E Drop, Edge Hub App Usage, Edge Tab Group, Edge Wallet, Encryption Keys}
{"logTime": "1105/012038", "correlationVector":"LzhuhlaSQl1p4glCFArADx.1","action":"SyncServerConnectionManagerRequest", "result":"SYNC_SERVER_OK", "context":{"environment":"Prod_SoutheastAsia_000j", "migrationStage":"NotStarted", "server":"GENERAL0300001S"}}
{"logTime": "1105/012038", "correlationVector":"LzhuhlaSQl1p4glCFArADx.2","action":"GetUpdates", "result":"DeleteReceived", "context":{"id":"368d50c9-c7ba-4159-8543-00a8b6b4d4fd", "isDeleted:":"true", "version":"1730706202283"}}
{"logTime": "1105/012038", "correlationVector":"LzhuhlaSQl1p4glCFArADx.3","action":"GetUpdates Response", "result":"Success", "context":Received 6 update(s). cV=LzhuhlaSQl1p4glCFArADx.0;server=GENERAL0300001S;cloudType=Consumer;environment=Prod_SoutheastAsia_000j;migrationStage=NotStarted}
{"logTime": "1105/012038", "correlationVector":"pzJjDg6RDiRItbshr3lv0U","action":"Commit Request", "result":"", "context":Item count: 3
Contributing types: Sessions, Device Info}
{"logTime": "1105/012039", "correlationVector":"pzJjDg6RDiRItbshr3lv0U.1","action":"SyncServerConnectionManagerRequest", "result":"SYNC_SERVER_OK", "context":{"environment":"Prod_SoutheastAsia_000j", "migrationStage":"NotStarted", "server":"GENERAL0300001D"}}
{"logTime": "1105/012039", "correlationVector":"pzJjDg6RDiRItbshr3lv0U.2","action":"Commit Response", "result":"Success", "context":Result: Success. cV=pzJjDg6RDiRItbshr3lv0U.0;server=GENERAL0300001D;cloudType=Consumer;environment=Prod_SoutheastAsia_000j;migrationStage=NotStarted}
{"logTime": "1105/012039", "correlationVector":"SyRTKeVECyi5VoWZiWD9b9","action":"Normal GetUpdate request", "result":"", "context":cV=SyRTKeVECyi5VoWZiWD9b9
Nudged types: Sessions, Device Info}
{"logTime": "1105/012039", "correlationVector":"SyRTKeVECyi5VoWZiWD9b9.1","action":"SyncServerConnectionManagerRequest", "result":"SYNC_SERVER_OK", "context":{"environment":"Prod_SoutheastAsia_000j", "migrationStage":"NotStarted", "server":"GENERAL0300000D"}}
{"logTime": "1105/012039", "correlationVector":"SyRTKeVECyi5VoWZiWD9b9.2","action":"GetUpdates Response", "result":"Success", "context":Received 3 update(s). cV=SyRTKeVECyi5VoWZiWD9b9.0;server=GENERAL0300000D;cloudType=Consumer;environment=Prod_SoutheastAsia_000j;migrationStage=NotStarted}
{"logTime": "1105/012039", "correlationVector":"T2GC4ElbSFuk1fDC8Otksn","action":"Poll GetUpdate request", "result":"", "context":cV=T2GC4ElbSFuk1fDC8Otksn}
{"logTime": "1105/012040", "correlationVector":"T2GC4ElbSFuk1fDC8Otksn.1","action":"SyncServerConnectionManagerRequest", "result":"SYNC_SERVER_OK", "context":{"environment":"Prod_SoutheastAsia_000j", "migrationStage":"NotStarted", "server":"GENERAL0100000Q"}}
{"logTime": "1105/012040", "correlationVector":"T2GC4ElbSFuk1fDC8Otksn.2","action":"GetUpdates Response", "result":"Success", "context":Received 0 update(s). cV=T2GC4ElbSFuk1fDC8Otksn.0;server=GENERAL0100000Q;cloudType=Consumer;environment=Prod_SoutheastAsia_000j;migrationStage=NotStarted}
{"logTime": "1105/012117", "correlationVector":"RxcjhL+gTVJPGkjr/Pl+2J","action":"Normal GetUpdate request", "result":"", "context":cV=RxcjhL+gTVJPGkjr/Pl+2J
Nudged types: Sessions}
{"logTime": "1105/012118", "correlationVector":"RxcjhL+gTVJPGkjr/Pl+2J.1","action":"SyncServerConnectionManagerRequest", "result":"SYNC_SERVER_OK", "context":{"environment":"Prod_SoutheastAsia_000j", "migrationStage":"NotStarted", "server":"GENERAL03000006"}}
{"logTime": "1105/012118", "correlationVector":"RxcjhL+gTVJPGkjr/Pl+2J.2","action":"GetUpdates Response", "result":"Success", "context":Received 0 update(s). cV=RxcjhL+gTVJPGkjr/Pl+2J.0;server=GENERAL03000006;cloudType=Consumer;environment=Prod_SoutheastAsia_000j;migrationStage=NotStarted}
{"logTime": "1105/012118", "correlationVector":"w/6mRRvRoeiW9uSIkoGXzc","action":"Commit Request", "result":"", "context":Item count: 1
Contributing types: Sessions}
{"logTime": "1105/012118", "correlationVector":"w/6mRRvRoeiW9uSIkoGXzc.1","action":"SyncServerConnectionManagerRequest", "result":"SYNC_SERVER_OK", "context":{"environment":"Prod_SoutheastAsia_000j", "migrationStage":"NotStarted", "server":"GENERAL0100000D"}}
{"logTime": "1105/012118", "correlationVector":"w/6mRRvRoeiW9uSIkoGXzc.2","action":"Commit Response", "result":"Success", "context":Result: Success. cV=w/6mRRvRoeiW9uSIkoGXzc.0;server=GENERAL0100000D;cloudType=Consumer;environment=Prod_SoutheastAsia_000j;migrationStage=NotStarted}
{"logTime": "1105/012350", "correlationVector":"BwgEVCHYskF5+ZYTT755Lq.1","action":"SyncServerConnectionManagerRequest", "result":"SYNC_SERVER_OK", "context":{"environment":"Prod_SoutheastAsia_000j", "migrationStage":"NotStarted", "server":"GENERAL0100000Y"}}
{"logTime": "1105/012351", "correlationVector":"OEPxirlqXqMXzJt1YeRHLx","action":"SyncServerConnectionManagerRequest", "result":"SYNC_SERVER_OK", "context":{"environment":"", "migrationStage":"", "server":""}}
{"logTime": "1105/012351", "correlationVector":"BwgEVCHYskF5+ZYTT755Lq","action":"Initial GetUpdates", "result":"", "context":Reason: NEW_CLIENT. cV=BwgEVCHYskF5+ZYTT755Lq}
{"logTime": "1105/012351", "correlationVector":"BwgEVCHYskF5+ZYTT755Lq.2","action":"GetUpdates Response", "result":"Success", "context":Received 1 update(s). cV=BwgEVCHYskF5+ZYTT755Lq.0;server=GENERAL0100000Y;cloudType=Consumer;environment=Prod_SoutheastAsia_000j;migrationStage=NotStarted}
{"logTime": "1105/012351", "correlationVector":"sSDnVUlVo3k/RpTJFAUX3F","action":"Initial GetUpdates", "result":"", "context":Reason: NEWLY_SUPPORTED_DATATYPE. cV=sSDnVUlVo3k/RpTJFAUX3F}
{"logTime": "1105/012351", "correlationVector":"sSDnVUlVo3k/RpTJFAUX3F.1","action":"SyncServerConnectionManagerRequest", "result":"SYNC_SERVER_OK", "context":{"environment":"Prod_SoutheastAsia_000j", "migrationStage":"NotStarted", "server":"GENERAL0300000W"}}
{"logTime": "1105/012351", "correlationVector":"sSDnVUlVo3k/RpTJFAUX3F.2","action":"GetUpdates Response", "result":"Success", "context":Received 1 update(s). cV=sSDnVUlVo3k/RpTJFAUX3F.0;server=GENERAL0300000W;cloudType=Consumer;environment=Prod_SoutheastAsia_000j;migrationStage=NotStarted}
{"logTime": "1105/012351", "correlationVector":"PMFXz6d55ROFaEo16Be65P","action":"Normal GetUpdate request", "result":"", "context":cV=PMFXz6d55ROFaEo16Be65P
Nudged types: Sessions
Refresh requested types: Bookmarks, Preferences, Passwords, Autofill Profiles, Autofill, Typed URLs, Extensions, Sessions, Extension settings, History Delete Directives, Device Info, User Consents, Send Tab To Self, Web Apps, Collection, Edge E Drop, Edge Hub App Usage, Edge Tab Group, Edge Wallet, Encryption Keys}
{"logTime": "1105/012352", "correlationVector":"PMFXz6d55ROFaEo16Be65P.1","action":"SyncServerConnectionManagerRequest", "result":"SYNC_SERVER_OK", "context":{"environment":"Prod_SoutheastAsia_000j", "migrationStage":"NotStarted", "server":"GENERAL0100000M"}}
{"logTime": "1105/012352", "correlationVector":"PMFXz6d55ROFaEo16Be65P.2","action":"GetUpdates Response", "result":"Success", "context":Received 1 update(s). cV=PMFXz6d55ROFaEo16Be65P.0;server=GENERAL0100000M;cloudType=Consumer;environment=Prod_SoutheastAsia_000j;migrationStage=NotStarted}
{"logTime": "1105/012352", "correlationVector":"HtJpefYGOjMeZfvPVmIM/b","action":"Commit Request", "result":"", "context":Item count: 3
Contributing types: Sessions}
{"logTime": "1105/012352", "correlationVector":"HtJpefYGOjMeZfvPVmIM/b.1","action":"SyncServerConnectionManagerRequest", "result":"SYNC_SERVER_OK", "context":{"environment":"Prod_SoutheastAsia_000j", "migrationStage":"NotStarted", "server":"GENERAL0300002F"}}
{"logTime": "1105/012352", "correlationVector":"HtJpefYGOjMeZfvPVmIM/b.2","action":"Commit Response", "result":"Success", "context":Result: Success. cV=HtJpefYGOjMeZfvPVmIM/b.0;server=GENERAL0300002F;cloudType=Consumer;environment=Prod_SoutheastAsia_000j;migrationStage=NotStarted}
{"logTime": "1105/012352", "correlationVector":"HtJpefYGOjMeZfvPVmIM/b.3","action":"Commit.Sessions", "result":"Success", "context":{"id":"143d5087-9384-4706-898f-8c596c94d7f4", "isDeleted":"true", "size":"0", "version":"1730769676273"}}
{"logTime": "1105/012422", "correlationVector":"sLf1DBCxTbOtvlcY/sS3cW","action":"Normal GetUpdate request", "result":"", "context":cV=sLf1DBCxTbOtvlcY/sS3cW
Nudged types: Sessions}
{"logTime": "1105/012423", "correlationVector":"sLf1DBCxTbOtvlcY/sS3cW.1","action":"SyncServerConnectionManagerRequest", "result":"SYNC_SERVER_OK", "context":{"environment":"Prod_SoutheastAsia_000j", "migrationStage":"NotStarted", "server":"GENERAL0100001K"}}
{"logTime": "1105/012423", "correlationVector":"sLf1DBCxTbOtvlcY/sS3cW.2","action":"GetUpdates", "result":"DeleteReceived", "context":{"id":"143d5087-9384-4706-898f-8c596c94d7f4", "isDeleted:":"true", "version":"1730769830131"}}
{"logTime": "1105/012423", "correlationVector":"sLf1DBCxTbOtvlcY/sS3cW.3","action":"GetUpdates Response", "result":"Success", "context":Received 3 update(s). cV=sLf1DBCxTbOtvlcY/sS3cW.0;server=GENERAL0100001K;cloudType=Consumer;environment=Prod_SoutheastAsia_000j;migrationStage=NotStarted}
{"logTime": "1105/012423", "correlationVector":"mxGspYscxe9dXQ9OJjssnp","action":"Commit Request", "result":"", "context":Item count: 1
Contributing types: Sessions}
{"logTime": "1105/012423", "correlationVector":"mxGspYscxe9dXQ9OJjssnp.1","action":"SyncServerConnectionManagerRequest", "result":"SYNC_SERVER_OK", "context":{"environment":"Prod_SoutheastAsia_000j", "migrationStage":"NotStarted", "server":"GENERAL0300001K"}}
{"logTime": "1105/012423", "correlationVector":"mxGspYscxe9dXQ9OJjssnp.2","action":"Commit Response", "result":"Success", "context":Result: Success. cV=mxGspYscxe9dXQ9OJjssnp.0;server=GENERAL0300001K;cloudType=Consumer;environment=Prod_SoutheastAsia_000j;migrationStage=NotStarted}
{"logTime": "1105/012539", "correlationVector":"ReIVxEUAHPWf56l29I6JxR","action":"Normal GetUpdate request", "result":"", "context":cV=ReIVxEUAHPWf56l29I6JxR
Nudged types: Sessions}
{"logTime": "1105/012540", "correlationVector":"ReIVxEUAHPWf56l29I6JxR.1","action":"SyncServerConnectionManagerRequest", "result":"SYNC_SERVER_OK", "context":{"environment":"Prod_SoutheastAsia_000j", "migrationStage":"NotStarted", "server":"GENERAL0300002P"}}
{"logTime": "1105/012540", "correlationVector":"ReIVxEUAHPWf56l29I6JxR.2","action":"GetUpdates Response", "result":"Success", "context":Received 1 update(s). cV=ReIVxEUAHPWf56l29I6JxR.0;server=GENERAL0300002P;cloudType=Consumer;environment=Prod_SoutheastAsia_000j;migrationStage=NotStarted}
{"logTime": "1105/012540", "correlationVector":"NGo501nOdDEHaadDXI1Dqw","action":"Commit Request", "result":"", "context":Item count: 1
Contributing types: Sessions}
{"logTime": "1105/012540", "correlationVector":"NGo501nOdDEHaadDXI1Dqw.1","action":"SyncServerConnectionManagerRequest", "result":"SYNC_SERVER_OK", "context":{"environment":"Prod_SoutheastAsia_000j", "migrationStage":"NotStarted", "server":"GENERAL01000012"}}
{"logTime": "1105/012540", "correlationVector":"NGo501nOdDEHaadDXI1Dqw.2","action":"Commit Response", "result":"Success", "context":Result: Success. cV=NGo501nOdDEHaadDXI1Dqw.0;server=GENERAL01000012;cloudType=Consumer;environment=Prod_SoutheastAsia_000j;migrationStage=NotStarted}
{"logTime": "1105/012610", "correlationVector":"O+h1UnLBgxIHf5drvoudp4","action":"Normal GetUpdate request", "result":"", "context":cV=O+h1UnLBgxIHf5drvoudp4
Nudged types: Sessions}
{"logTime": "1105/012611", "correlationVector":"O+h1UnLBgxIHf5drvoudp4.1","action":"SyncServerConnectionManagerRequest", "result":"SYNC_SERVER_OK", "context":{"environment":"Prod_SoutheastAsia_000j", "migrationStage":"NotStarted", "server":"GENERAL0300000D"}}
{"logTime": "1105/012611", "correlationVector":"O+h1UnLBgxIHf5drvoudp4.2","action":"GetUpdates Response", "result":"Success", "context":Received 1 update(s). cV=O+h1UnLBgxIHf5drvoudp4.0;server=GENERAL0300000D;cloudType=Consumer;environment=Prod_SoutheastAsia_000j;migrationStage=NotStarted}
{"logTime": "1105/012817", "correlationVector":"HnvCaYui3X9B3rju7aQZiI","action":"Commit Request", "result":"", "context":Item count: 1
Contributing types: Sessions}
{"logTime": "1105/012821", "correlationVector":"HnvCaYui3X9B3rju7aQZiI.1","action":"SyncServerConnectionManagerRequest", "result":"SYNC_SERVER_OK", "context":{"environment":"Prod_SoutheastAsia_000j", "migrationStage":"NotStarted", "server":"GENERAL0300002Y"}}
{"logTime": "1105/012821", "correlationVector":"HnvCaYui3X9B3rju7aQZiI.2","action":"Commit Response", "result":"Success", "context":Result: Success. cV=HnvCaYui3X9B3rju7aQZiI.0;server=GENERAL0300002Y;cloudType=Consumer;environment=Prod_SoutheastAsia_000j;migrationStage=NotStarted}
{"logTime": "1105/012849", "correlationVector":"UqJ6fl7elJXQdl948VDP/3","action":"Normal GetUpdate request", "result":"", "context":cV=UqJ6fl7elJXQdl948VDP/3
Refresh requested types: Bookmarks, Preferences, Passwords, Autofill Profiles, Autofill, Typed URLs, Extensions, Sessions, Extension settings, History Delete Directives, Device Info, User Consents, Send Tab To Self, Web Apps, Collection, Edge E Drop, Edge Hub App Usage, Edge Tab Group, Edge Wallet, Encryption Keys}
{"logTime": "1105/012849", "correlationVector":"UqJ6fl7elJXQdl948VDP/3.1","action":"SyncServerConnectionManagerRequest", "result":"SYNC_SERVER_OK", "context":{"environment":"Prod_SoutheastAsia_000j", "migrationStage":"NotStarted", "server":"GENERAL0300002Y"}}
{"logTime": "1105/012849", "correlationVector":"UqJ6fl7elJXQdl948VDP/3.2","action":"GetUpdates Response", "result":"Success", "context":Received 1 update(s). cV=UqJ6fl7elJXQdl948VDP/3.0;server=GENERAL0300002Y;cloudType=Consumer;environment=Prod_SoutheastAsia_000j;migrationStage=NotStarted}
{"logTime": "1105/013149", "correlationVector":"hk3f+AHpw5X1+dlO9dTuFZ","action":"Commit Request", "result":"", "context":Item count: 1
Contributing types: Sessions}
{"logTime": "1105/013149", "correlationVector":"hk3f+AHpw5X1+dlO9dTuFZ.1","action":"SyncServerConnectionManagerRequest", "result":"SYNC_SERVER_OK", "context":{"environment":"Prod_SoutheastAsia_000j", "migrationStage":"NotStarted", "server":"GENERAL0100000X"}}
{"logTime": "1105/013149", "correlationVector":"hk3f+AHpw5X1+dlO9dTuFZ.2","action":"Commit Response", "result":"Success", "context":Result: Success. cV=hk3f+AHpw5X1+dlO9dTuFZ.0;server=GENERAL0100000X;cloudType=Consumer;environment=Prod_SoutheastAsia_000j;migrationStage=NotStarted}
{"logTime": "1105/013459", "correlationVector":"8Vpht0UrqW7gsYFPnF1SNi","action":"Commit Request", "result":"", "context":Item count: 1
Contributing types: Sessions}
{"logTime": "1105/013459", "correlationVector":"8Vpht0UrqW7gsYFPnF1SNi.1","action":"SyncServerConnectionManagerRequest", "result":"SYNC_SERVER_OK", "context":{"environment":"Prod_SoutheastAsia_000j", "migrationStage":"NotStarted", "server":"GENERAL0300001W"}}
{"logTime": "1105/013459", "correlationVector":"8Vpht0UrqW7gsYFPnF1SNi.2","action":"Commit Response", "result":"Success", "context":Result: Success. cV=8Vpht0UrqW7gsYFPnF1SNi.0;server=GENERAL0300001W;cloudType=Consumer;environment=Prod_SoutheastAsia_000j;migrationStage=NotStarted}
{"logTime": "1105/013735", "correlationVector":"EShfHETaUUbPRr05ITFJeH","action":"Commit Request", "result":"", "context":Item count: 1
Contributing types: Sessions}
{"logTime": "1105/013735", "correlationVector":"EShfHETaUUbPRr05ITFJeH.1","action":"SyncServerConnectionManagerRequest", "result":"SYNC_SERVER_OK", "context":{"environment":"Prod_SoutheastAsia_000j", "migrationStage":"NotStarted", "server":"GENERAL01000008"}}
{"logTime": "1105/013735", "correlationVector":"EShfHETaUUbPRr05ITFJeH.2","action":"Commit Response", "result":"Success", "context":Result: Success. cV=EShfHETaUUbPRr05ITFJeH.0;server=GENERAL01000008;cloudType=Consumer;environment=Prod_SoutheastAsia_000j;migrationStage=NotStarted}
{"logTime": "1105/014054", "correlationVector":"3gxfVEPNQOax/r381RkxTB","action":"Commit Request", "result":"", "context":Item count: 1
Contributing types: Sessions}
{"logTime": "1105/014054", "correlationVector":"3gxfVEPNQOax/r381RkxTB.1","action":"SyncServerConnectionManagerRequest", "result":"SYNC_SERVER_OK", "context":{"environment":"Prod_SoutheastAsia_000j", "migrationStage":"NotStarted", "server":"GENERAL0100000X"}}
{"logTime": "1105/014054", "correlationVector":"3gxfVEPNQOax/r381RkxTB.2","action":"Commit Response", "result":"Success", "context":Result: Success. cV=3gxfVEPNQOax/r381RkxTB.0;server=GENERAL0100000X;cloudType=Consumer;environment=Prod_SoutheastAsia_000j;migrationStage=NotStarted}
{"logTime": "1105/014304", "correlationVector":"CV6Dx6fv2uubT0F8VzDkcb","action":"Commit Request", "result":"", "context":Item count: 1
Contributing types: Sessions}
{"logTime": "1105/014305", "correlationVector":"CV6Dx6fv2uubT0F8VzDkcb.1","action":"SyncServerConnectionManagerRequest", "result":"SYNC_SERVER_OK", "context":{"environment":"Prod_SoutheastAsia_000j", "migrationStage":"NotStarted", "server":"GENERAL0300002I"}}
{"logTime": "1105/014305", "correlationVector":"CV6Dx6fv2uubT0F8VzDkcb.2","action":"Commit Response", "result":"Success", "context":Result: Success. cV=CV6Dx6fv2uubT0F8VzDkcb.0;server=GENERAL0300002I;cloudType=Consumer;environment=Prod_SoutheastAsia_000j;migrationStage=NotStarted}
{"logTime": "1105/014350", "correlationVector":"XiDWZMB9QdbE+qCM6sdCi0","action":"Commit Request", "result":"", "context":Item count: 1
Contributing types: Sessions}
{"logTime": "1105/014351", "correlationVector":"XiDWZMB9QdbE+qCM6sdCi0.1","action":"SyncServerConnectionManagerRequest", "result":"SYNC_SERVER_OK", "context":{"environment":"Prod_SoutheastAsia_000j", "migrationStage":"NotStarted", "server":"GENERAL0100001I"}}
{"logTime": "1105/014351", "correlationVector":"XiDWZMB9QdbE+qCM6sdCi0.2","action":"Commit Response", "result":"Success", "context":Result: Success. cV=XiDWZMB9QdbE+qCM6sdCi0.0;server=GENERAL0100001I;cloudType=Consumer;environment=Prod_SoutheastAsia_000j;migrationStage=NotStarted}
{"logTime": "1105/014600", "correlationVector":"toECgas3ZRtmRoE+V0gGfF","action":"Commit Request", "result":"", "context":Item count: 1
Contributing types: Sessions}
{"logTime": "1105/014600", "correlationVector":"toECgas3ZRtmRoE+V0gGfF.1","action":"SyncServerConnectionManagerRequest", "result":"SYNC_SERVER_OK", "context":{"environment":"Prod_SoutheastAsia_000j", "migrationStage":"NotStarted", "server":"GENERAL03000017"}}
{"logTime": "1105/014600", "correlationVector":"toECgas3ZRtmRoE+V0gGfF.2","action":"Commit Response", "result":"Success", "context":Result: Success. cV=toECgas3ZRtmRoE+V0gGfF.0;server=GENERAL03000017;cloudType=Consumer;environment=Prod_SoutheastAsia_000j;migrationStage=NotStarted}
{"logTime": "1105/015002", "correlationVector":"bWwCrVfZA2StGWaWBIvHRp.1","action":"SyncServerConnectionManagerRequest", "result":"SYNC_SERVER_OK", "context":{"environment":"Prod_SoutheastAsia_000j", "migrationStage":"NotStarted", "server":"GENERAL0300002L"}}
{"logTime": "1105/015003", "correlationVector":"2jwQk+WQOhXs11OKJT5NtB","action":"SyncServerConnectionManagerRequest", "result":"SYNC_SERVER_OK", "context":{"environment":"", "migrationStage":"", "server":""}}
{"logTime": "1105/015003", "correlationVector":"bWwCrVfZA2StGWaWBIvHRp","action":"Initial GetUpdates", "result":"", "context":Reason: NEW_CLIENT. cV=bWwCrVfZA2StGWaWBIvHRp}
{"logTime": "1105/015003", "correlationVector":"bWwCrVfZA2StGWaWBIvHRp.2","action":"GetUpdates Response", "result":"Success", "context":Received 1 update(s). cV=bWwCrVfZA2StGWaWBIvHRp.0;server=GENERAL0300002L;cloudType=Consumer;environment=Prod_SoutheastAsia_000j;migrationStage=NotStarted}
{"logTime": "1105/015003", "correlationVector":"oWMjcfA9QCTT8UQ6hvY/46","action":"Initial GetUpdates", "result":"", "context":Reason: NEWLY_SUPPORTED_DATATYPE. cV=oWMjcfA9QCTT8UQ6hvY/46}
{"logTime": "1105/015003", "correlationVector":"oWMjcfA9QCTT8UQ6hvY/46.1","action":"SyncServerConnectionManagerRequest", "result":"SYNC_SERVER_OK", "context":{"environment":"Prod_SoutheastAsia_000j", "migrationStage":"NotStarted", "server":"GENERAL0300002H"}}
{"logTime": "1105/015003", "correlationVector":"oWMjcfA9QCTT8UQ6hvY/46.2","action":"GetUpdates Response", "result":"Success", "context":Received 1 update(s). cV=oWMjcfA9QCTT8UQ6hvY/46.0;server=GENERAL0300002H;cloudType=Consumer;environment=Prod_SoutheastAsia_000j;migrationStage=NotStarted}
{"logTime": "1105/015003", "correlationVector":"6FyXVfXu6IXMZ/sc5INtDo","action":"Normal GetUpdate request", "result":"", "context":cV=6FyXVfXu6IXMZ/sc5INtDo
Nudged types: Sessions
Refresh requested types: Bookmarks, Preferences, Passwords, Autofill Profiles, Autofill, Typed URLs, Extensions, Sessions, Extension settings, History Delete Directives, Device Info, User Consents, Send Tab To Self, Web Apps, Collection, Edge E Drop, Edge Hub App Usage, Edge Tab Group, Edge Wallet, Encryption Keys}
{"logTime": "1105/015004", "correlationVector":"6FyXVfXu6IXMZ/sc5INtDo.1","action":"SyncServerConnectionManagerRequest", "result":"SYNC_SERVER_OK", "context":{"environment":"Prod_SoutheastAsia_000j", "migrationStage":"NotStarted", "server":"GENERAL03000020"}}
{"logTime": "1105/015004", "correlationVector":"6FyXVfXu6IXMZ/sc5INtDo.2","action":"GetUpdates Response", "result":"Success", "context":Received 1 update(s). cV=6FyXVfXu6IXMZ/sc5INtDo.0;server=GENERAL03000020;cloudType=Consumer;environment=Prod_SoutheastAsia_000j;migrationStage=NotStarted}
{"logTime": "1105/015004", "correlationVector":"d7zDAFYAVsxTXCTnztlQJm","action":"Commit Request", "result":"", "context":Item count: 3
Contributing types: Sessions}
{"logTime": "1105/015004", "correlationVector":"d7zDAFYAVsxTXCTnztlQJm.1","action":"SyncServerConnectionManagerRequest", "result":"SYNC_SERVER_OK", "context":{"environment":"Prod_SoutheastAsia_000j", "migrationStage":"NotStarted", "server":"GENERAL0100000X"}}
{"logTime": "1105/015004", "correlationVector":"d7zDAFYAVsxTXCTnztlQJm.2","action":"Commit Response", "result":"Success", "context":Result: Success. cV=d7zDAFYAVsxTXCTnztlQJm.0;server=GENERAL0100000X;cloudType=Consumer;environment=Prod_SoutheastAsia_000j;migrationStage=NotStarted}
{"logTime": "1105/015034", "correlationVector":"otg1QjsZBlWYF+sSl5nVT8","action":"Normal GetUpdate request", "result":"", "context":cV=otg1QjsZBlWYF+sSl5nVT8
Nudged types: Sessions}
{"logTime": "1105/015035", "correlationVector":"otg1QjsZBlWYF+sSl5nVT8.1","action":"SyncServerConnectionManagerRequest", "result":"SYNC_SERVER_OK", "context":{"environment":"Prod_SoutheastAsia_000j", "migrationStage":"NotStarted", "server":"GENERAL0300000R"}}
{"logTime": "1105/015035", "correlationVector":"otg1QjsZBlWYF+sSl5nVT8.2","action":"GetUpdates Response", "result":"Success", "context":Received 3 update(s). cV=otg1QjsZBlWYF+sSl5nVT8.0;server=GENERAL0300000R;cloudType=Consumer;environment=Prod_SoutheastAsia_000j;migrationStage=NotStarted}
{"logTime": "1105/015035", "correlationVector":"t22tmPA2LaFsXalHhpun9T","action":"Commit Request", "result":"", "context":Item count: 2
Contributing types: Sessions}
{"logTime": "1105/015035", "correlationVector":"t22tmPA2LaFsXalHhpun9T.1","action":"SyncServerConnectionManagerRequest", "result":"SYNC_SERVER_OK", "context":{"environment":"Prod_SoutheastAsia_000j", "migrationStage":"NotStarted", "server":"GENERAL0100001L"}}
{"logTime": "1105/015035", "correlationVector":"t22tmPA2LaFsXalHhpun9T.2","action":"Commit Response", "result":"Success", "context":Result: Success. cV=t22tmPA2LaFsXalHhpun9T.0;server=GENERAL0100001L;cloudType=Consumer;environment=Prod_SoutheastAsia_000j;migrationStage=NotStarted}
{"logTime": "1105/015035", "correlationVector":"t22tmPA2LaFsXalHhpun9T.3","action":"Commit.Sessions", "result":"Success", "context":{"id":"c6e83a17-ba63-4b70-a4ef-ff68a857e8db", "isDeleted":"true", "size":"0", "version":"1730771402012"}}
{"logTime": "1105/015105", "correlationVector":"aW3bgYx/HayxLBIZgxGJpK","action":"Normal GetUpdate request", "result":"", "context":cV=aW3bgYx/HayxLBIZgxGJpK
Nudged types: Sessions}
{"logTime": "1105/015106", "correlationVector":"aW3bgYx/HayxLBIZgxGJpK.1","action":"SyncServerConnectionManagerRequest", "result":"SYNC_SERVER_OK", "context":{"environment":"Prod_SoutheastAsia_000j", "migrationStage":"NotStarted", "server":"GENERAL03000017"}}
{"logTime": "1105/015106", "correlationVector":"aW3bgYx/HayxLBIZgxGJpK.2","action":"GetUpdates", "result":"DeleteReceived", "context":{"id":"c6e83a17-ba63-4b70-a4ef-ff68a857e8db", "isDeleted:":"true", "version":"1730771433013"}}
{"logTime": "1105/015106", "correlationVector":"aW3bgYx/HayxLBIZgxGJpK.3","action":"GetUpdates Response", "result":"Success", "context":Received 2 update(s). cV=aW3bgYx/HayxLBIZgxGJpK.0;server=GENERAL03000017;cloudType=Consumer;environment=Prod_SoutheastAsia_000j;migrationStage=NotStarted}
{"logTime": "1105/015500", "correlationVector":"cBUoaYK87X70y3CnXyvu5W","action":"Normal GetUpdate request", "result":"", "context":cV=cBUoaYK87X70y3CnXyvu5W
Refresh requested types: Bookmarks, Preferences, Passwords, Autofill Profiles, Autofill, Typed URLs, Extensions, Sessions, Extension settings, History Delete Directives, Device Info, User Consents, Send Tab To Self, Web Apps, Collection, Edge E Drop, Edge Hub App Usage, Edge Tab Group, Edge Wallet, Encryption Keys}
{"logTime": "1105/015501", "correlationVector":"cBUoaYK87X70y3CnXyvu5W.1","action":"SyncServerConnectionManagerRequest", "result":"SYNC_SERVER_OK", "context":{"environment":"Prod_SoutheastAsia_000j", "migrationStage":"NotStarted", "server":"GENERAL0100000E"}}
{"logTime": "1105/015501", "correlationVector":"cBUoaYK87X70y3CnXyvu5W.2","action":"GetUpdates Response", "result":"Success", "context":Received 0 update(s). cV=cBUoaYK87X70y3CnXyvu5W.0;server=GENERAL0100000E;cloudType=Consumer;environment=Prod_SoutheastAsia_000j;migrationStage=NotStarted}
{"logTime": "1105/021116", "correlationVector":"dmEIFtSHQS2Kaf5HDH10PJ.1","action":"SyncServerConnectionManagerRequest", "result":"SYNC_SERVER_OK", "context":{"environment":"Prod_SoutheastAsia_000j", "migrationStage":"NotStarted", "server":"GENERAL0100000Z"}}
{"logTime": "1105/021117", "correlationVector":"8KB8sPaLN82p2Zqb7xORIR","action":"SyncServerConnectionManagerRequest", "result":"SYNC_SERVER_OK", "context":{"environment":"", "migrationStage":"", "server":""}}
{"logTime": "1105/021117", "correlationVector":"dmEIFtSHQS2Kaf5HDH10PJ","action":"Initial GetUpdates", "result":"", "context":Reason: NEW_CLIENT. cV=dmEIFtSHQS2Kaf5HDH10PJ}
{"logTime": "1105/021117", "correlationVector":"dmEIFtSHQS2Kaf5HDH10PJ.2","action":"GetUpdates Response", "result":"Success", "context":Received 1 update(s). cV=dmEIFtSHQS2Kaf5HDH10PJ.0;server=GENERAL0100000Z;cloudType=Consumer;environment=Prod_SoutheastAsia_000j;migrationStage=NotStarted}
{"logTime": "1105/021117", "correlationVector":"8SJnxhPvcIYgTSzagaiLzn","action":"Initial GetUpdates", "result":"", "context":Reason: NEWLY_SUPPORTED_DATATYPE. cV=8SJnxhPvcIYgTSzagaiLzn}
{"logTime": "1105/021117", "correlationVector":"8SJnxhPvcIYgTSzagaiLzn.1","action":"SyncServerConnectionManagerRequest", "result":"SYNC_SERVER_OK", "context":{"environment":"Prod_SoutheastAsia_000j", "migrationStage":"NotStarted", "server":"GENERAL0100000I"}}
{"logTime": "1105/021117", "correlationVector":"8SJnxhPvcIYgTSzagaiLzn.2","action":"GetUpdates Response", "result":"Success", "context":Received 1 update(s). cV=8SJnxhPvcIYgTSzagaiLzn.0;server=GENERAL0100000I;cloudType=Consumer;environment=Prod_SoutheastAsia_000j;migrationStage=NotStarted}
{"logTime": "1105/021117", "correlationVector":"7C5hEhI/rXK52H7hKB/MQq","action":"Normal GetUpdate request", "result":"", "context":cV=7C5hEhI/rXK52H7hKB/MQq
Nudged types: Sessions
Refresh requested types: Bookmarks, Preferences, Passwords, Autofill Profiles, Autofill, Typed URLs, Extensions, Sessions, Extension settings, History Delete Directives, Device Info, User Consents, Send Tab To Self, Web Apps, Collection, Edge E Drop, Edge Hub App Usage, Edge Tab Group, Edge Wallet, Encryption Keys}
{"logTime": "1105/021118", "correlationVector":"7C5hEhI/rXK52H7hKB/MQq.1","action":"SyncServerConnectionManagerRequest", "result":"SYNC_SERVER_OK", "context":{"environment":"Prod_SoutheastAsia_000j", "migrationStage":"NotStarted", "server":"GENERAL0300002I"}}
{"logTime": "1105/021118", "correlationVector":"7C5hEhI/rXK52H7hKB/MQq.2","action":"GetUpdates Response", "result":"Success", "context":Received 0 update(s). cV=7C5hEhI/rXK52H7hKB/MQq.0;server=GENERAL0300002I;cloudType=Consumer;environment=Prod_SoutheastAsia_000j;migrationStage=NotStarted}
{"logTime": "1105/021118", "correlationVector":"m/fmK5SjTed8Y/trhwgFOD","action":"Commit Request", "result":"", "context":Item count: 3
Contributing types: Sessions}
{"logTime": "1105/021118", "correlationVector":"m/fmK5SjTed8Y/trhwgFOD.1","action":"SyncServerConnectionManagerRequest", "result":"SYNC_SERVER_OK", "context":{"environment":"Prod_SoutheastAsia_000j", "migrationStage":"NotStarted", "server":"GENERAL0100000E"}}
{"logTime": "1105/021118", "correlationVector":"m/fmK5SjTed8Y/trhwgFOD.2","action":"Commit Response", "result":"Success", "context":Result: Success. cV=m/fmK5SjTed8Y/trhwgFOD.0;server=GENERAL0100000E;cloudType=Consumer;environment=Prod_SoutheastAsia_000j;migrationStage=NotStarted}
{"logTime": "1105/021118", "correlationVector":"m/fmK5SjTed8Y/trhwgFOD.3","action":"Commit.Sessions", "result":"Success", "context":{"id":"1145eb24-7c10-463f-aabe-d541f4ac524e", "isDeleted":"true", "size":"0", "version":"1730771433014"}}
{"logTime": "1105/021148", "correlationVector":"68+jAcJbo+090Hnod057zB","action":"Normal GetUpdate request", "result":"", "context":cV=68+jAcJbo+090Hnod057zB
Nudged types: Sessions}
{"logTime": "1105/021149", "correlationVector":"68+jAcJbo+090Hnod057zB.1","action":"SyncServerConnectionManagerRequest", "result":"SYNC_SERVER_OK", "context":{"environment":"Prod_SoutheastAsia_000j", "migrationStage":"NotStarted", "server":"GENERAL0100000A"}}
{"logTime": "1105/021149", "correlationVector":"68+jAcJbo+090Hnod057zB.2","action":"GetUpdates", "result":"DeleteReceived", "context":{"id":"1145eb24-7c10-463f-aabe-d541f4ac524e", "isDeleted:":"true", "version":"1730772675805"}}
{"logTime": "1105/021149", "correlationVector":"68+jAcJbo+090Hnod057zB.3","action":"GetUpdates Response", "result":"Success", "context":Received 3 update(s). cV=68+jAcJbo+090Hnod057zB.0;server=GENERAL0100000A;cloudType=Consumer;environment=Prod_SoutheastAsia_000j;migrationStage=NotStarted}
{"logTime": "1105/021149", "correlationVector":"OvELGV0x3+wztgleCLoLqg","action":"Commit Request", "result":"", "context":Item count: 1
Contributing types: Sessions}
{"logTime": "1105/021149", "correlationVector":"OvELGV0x3+wztgleCLoLqg.1","action":"SyncServerConnectionManagerRequest", "result":"SYNC_SERVER_OK", "context":{"environment":"Prod_SoutheastAsia_000j", "migrationStage":"NotStarted", "server":"GENERAL03000003"}}
{"logTime": "1105/021149", "correlationVector":"OvELGV0x3+wztgleCLoLqg.2","action":"Commit Response", "result":"Success", "context":Result: Success. cV=OvELGV0x3+wztgleCLoLqg.0;server=GENERAL03000003;cloudType=Consumer;environment=Prod_SoutheastAsia_000j;migrationStage=NotStarted}
{"logTime": "1105/044009", "correlationVector":"Dr1fbhGmfqOwWrChOUu7NO.1","action":"SyncServerConnectionManagerRequest", "result":"SYNC_SERVER_OK", "context":{"environment":"Prod_SoutheastAsia_000j", "migrationStage":"NotStarted", "server":"GENERAL03000027"}}
{"logTime": "1105/044010", "correlationVector":"lCi1+8SScgnawXb16zrUFs","action":"SyncServerConnectionManagerRequest", "result":"SYNC_SERVER_OK", "context":{"environment":"", "migrationStage":"", "server":""}}
{"logTime": "1105/044010", "correlationVector":"Dr1fbhGmfqOwWrChOUu7NO","action":"Initial GetUpdates", "result":"", "context":Reason: NEW_CLIENT. cV=Dr1fbhGmfqOwWrChOUu7NO}
{"logTime": "1105/044010", "correlationVector":"Dr1fbhGmfqOwWrChOUu7NO.2","action":"GetUpdates Response", "result":"Success", "context":Received 1 update(s). cV=Dr1fbhGmfqOwWrChOUu7NO.0;server=GENERAL03000027;cloudType=Consumer;environment=Prod_SoutheastAsia_000j;migrationStage=NotStarted}
{"logTime": "1105/044010", "correlationVector":"wSCc6OSkaJQFBOsToEuiwN","action":"Initial GetUpdates", "result":"", "context":Reason: NEWLY_SUPPORTED_DATATYPE. cV=wSCc6OSkaJQFBOsToEuiwN}
{"logTime": "1105/044011", "correlationVector":"wSCc6OSkaJQFBOsToEuiwN.1","action":"SyncServerConnectionManagerRequest", "result":"SYNC_SERVER_OK", "context":{"environment":"Prod_SoutheastAsia_000j", "migrationStage":"NotStarted", "server":"GENERAL0300000O"}}
{"logTime": "1105/044011", "correlationVector":"wSCc6OSkaJQFBOsToEuiwN.2","action":"GetUpdates Response", "result":"Success", "context":Received 1 update(s). cV=wSCc6OSkaJQFBOsToEuiwN.0;server=GENERAL0300000O;cloudType=Consumer;environment=Prod_SoutheastAsia_000j;migrationStage=NotStarted}
{"logTime": "1105/044011", "correlationVector":"VLsQwoGd9bNbU7gFyWS4Da","action":"Normal GetUpdate request", "result":"", "context":cV=VLsQwoGd9bNbU7gFyWS4Da
Nudged types: Sessions
Refresh requested types: Bookmarks, Preferences, Passwords, Autofill Profiles, Autofill, Typed URLs, Extensions, Sessions, Extension settings, History Delete Directives, Device Info, User Consents, Send Tab To Self, Web Apps, Collection, Edge E Drop, Edge Hub App Usage, Edge Tab Group, Edge Wallet, Encryption Keys}
{"logTime": "1105/044011", "correlationVector":"VLsQwoGd9bNbU7gFyWS4Da.1","action":"SyncServerConnectionManagerRequest", "result":"SYNC_SERVER_OK", "context":{"environment":"Prod_SoutheastAsia_000j", "migrationStage":"NotStarted", "server":"GENERAL0100000R"}}
{"logTime": "1105/044011", "correlationVector":"VLsQwoGd9bNbU7gFyWS4Da.2","action":"GetUpdates Response", "result":"Success", "context":Received 1 update(s). cV=VLsQwoGd9bNbU7gFyWS4Da.0;server=GENERAL0100000R;cloudType=Consumer;environment=Prod_SoutheastAsia_000j;migrationStage=NotStarted}
{"logTime": "1105/044011", "correlationVector":"3emhTjqSsrRfxXaOslIyQx","action":"Commit Request", "result":"", "context":Item count: 3
Contributing types: Sessions}
{"logTime": "1105/044012", "correlationVector":"3emhTjqSsrRfxXaOslIyQx.1","action":"SyncServerConnectionManagerRequest", "result":"SYNC_SERVER_OK", "context":{"environment":"Prod_SoutheastAsia_000j", "migrationStage":"NotStarted", "server":"GENERAL0100001K"}}
{"logTime": "1105/044012", "correlationVector":"3emhTjqSsrRfxXaOslIyQx.3","action":"Commit.Sessions", "result":"Success", "context":{"id":"96cd6cc3-eaf3-4c9e-a7b8-dcd419034478", "isDeleted":"true", "size":"0", "version":"1730772707036"}}
{"logTime": "1105/044012", "correlationVector":"3emhTjqSsrRfxXaOslIyQx.2","action":"Commit Response", "result":"Success", "context":Result: Success. cV=3emhTjqSsrRfxXaOslIyQx.0;server=GENERAL0100001K;cloudType=Consumer;environment=Prod_SoutheastAsia_000j;migrationStage=NotStarted}
{"logTime": "1105/044042", "correlationVector":"YusW3hB4L+h52yZUIkNC52","action":"Normal GetUpdate request", "result":"", "context":cV=YusW3hB4L+h52yZUIkNC52
Nudged types: Sessions}
{"logTime": "1105/044042", "correlationVector":"YusW3hB4L+h52yZUIkNC52.1","action":"SyncServerConnectionManagerRequest", "result":"SYNC_SERVER_OK", "context":{"environment":"Prod_SoutheastAsia_000j", "migrationStage":"NotStarted", "server":"GENERAL0300001T"}}
{"logTime": "1105/044042", "correlationVector":"YusW3hB4L+h52yZUIkNC52.2","action":"GetUpdates", "result":"DeleteReceived", "context":{"id":"96cd6cc3-eaf3-4c9e-a7b8-dcd419034478", "isDeleted:":"true", "version":"1730781609438"}}
{"logTime": "1105/044042", "correlationVector":"YusW3hB4L+h52yZUIkNC52.3","action":"GetUpdates Response", "result":"Success", "context":Received 3 update(s). cV=YusW3hB4L+h52yZUIkNC52.0;server=GENERAL0300001T;cloudType=Consumer;environment=Prod_SoutheastAsia_000j;migrationStage=NotStarted}
{"logTime": "1105/044042", "correlationVector":"Bks2hYC0DFGw9aVAHGp3KM","action":"Commit Request", "result":"", "context":Item count: 1
Contributing types: Sessions}
{"logTime": "1105/044043", "correlationVector":"Bks2hYC0DFGw9aVAHGp3KM.1","action":"SyncServerConnectionManagerRequest", "result":"SYNC_SERVER_OK", "context":{"environment":"Prod_SoutheastAsia_000j", "migrationStage":"NotStarted", "server":"GENERAL0100000H"}}
{"logTime": "1105/044043", "correlationVector":"Bks2hYC0DFGw9aVAHGp3KM.2","action":"Commit Response", "result":"Success", "context":Result: Success. cV=Bks2hYC0DFGw9aVAHGp3KM.0;server=GENERAL0100000H;cloudType=Consumer;environment=Prod_SoutheastAsia_000j;migrationStage=NotStarted}
{"logTime": "1105/044143", "correlationVector":"YWvT26PUVFyJ8vX4MVnbND","action":"Commit Request", "result":"", "context":Item count: 1
Contributing types: Sessions}
{"logTime": "1105/044144", "correlationVector":"YWvT26PUVFyJ8vX4MVnbND.1","action":"SyncServerConnectionManagerRequest", "result":"SYNC_SERVER_OK", "context":{"environment":"Prod_SoutheastAsia_000j", "migrationStage":"NotStarted", "server":"GENERAL0100000M"}}
{"logTime": "1105/044144", "correlationVector":"YWvT26PUVFyJ8vX4MVnbND.2","action":"Commit Response", "result":"Success", "context":Result: Success. cV=YWvT26PUVFyJ8vX4MVnbND.0;server=GENERAL0100000M;cloudType=Consumer;environment=Prod_SoutheastAsia_000j;migrationStage=NotStarted}
{"logTime": "1105/044343", "correlationVector":"C3W8xz3HH54qycM4Zewbvw","action":"Commit Request", "result":"", "context":Item count: 1
Contributing types: Sessions}
{"logTime": "1105/044344", "correlationVector":"C3W8xz3HH54qycM4Zewbvw.1","action":"SyncServerConnectionManagerRequest", "result":"SYNC_SERVER_OK", "context":{"environment":"Prod_SoutheastAsia_000j", "migrationStage":"NotStarted", "server":"GENERAL03000017"}}
{"logTime": "1105/044344", "correlationVector":"C3W8xz3HH54qycM4Zewbvw.2","action":"Commit Response", "result":"Success", "context":Result: Success. cV=C3W8xz3HH54qycM4Zewbvw.0;server=GENERAL03000017;cloudType=Consumer;environment=Prod_SoutheastAsia_000j;migrationStage=NotStarted}
{"logTime": "1105/044507", "correlationVector":"FBReY77biE7HStQSeOvqRM","action":"Normal GetUpdate request", "result":"", "context":cV=FBReY77biE7HStQSeOvqRM
Refresh requested types: Bookmarks, Preferences, Passwords, Autofill Profiles, Autofill, Typed URLs, Extensions, Sessions, Extension settings, History Delete Directives, Device Info, User Consents, Send Tab To Self, Web Apps, Collection, Edge E Drop, Edge Hub App Usage, Edge Tab Group, Edge Wallet, Encryption Keys}
{"logTime": "1105/044508", "correlationVector":"FBReY77biE7HStQSeOvqRM.1","action":"SyncServerConnectionManagerRequest", "result":"SYNC_SERVER_OK", "context":{"environment":"Prod_SoutheastAsia_000j", "migrationStage":"NotStarted", "server":"GENERAL03000015"}}
{"logTime": "1105/044508", "correlationVector":"FBReY77biE7HStQSeOvqRM.2","action":"GetUpdates Response", "result":"Success", "context":Received 1 update(s). cV=FBReY77biE7HStQSeOvqRM.0;server=GENERAL03000015;cloudType=Consumer;environment=Prod_SoutheastAsia_000j;migrationStage=NotStarted}
{"logTime": "1105/044955", "correlationVector":"50BJwPHugO0gvm3BjiwK+c","action":"Commit Request", "result":"", "context":Item count: 1
Contributing types: Sessions}
{"logTime": "1105/044955", "correlationVector":"50BJwPHugO0gvm3BjiwK+c.1","action":"SyncServerConnectionManagerRequest", "result":"SYNC_SERVER_OK", "context":{"environment":"Prod_SoutheastAsia_000j", "migrationStage":"NotStarted", "server":"GENERAL0300002L"}}
{"logTime": "1105/044955", "correlationVector":"50BJwPHugO0gvm3BjiwK+c.2","action":"Commit Response", "result":"Success", "context":Result: Success. cV=50BJwPHugO0gvm3BjiwK+c.0;server=GENERAL0300002L;cloudType=Consumer;environment=Prod_SoutheastAsia_000j;migrationStage=NotStarted}
{"logTime": "1105/045200", "correlationVector":"mm3MyG1AbBkwrpZ0N5+P0D.1","action":"SyncServerConnectionManagerRequest", "result":"SYNC_SERVER_OK", "context":{"environment":"Prod_SoutheastAsia_000j", "migrationStage":"NotStarted", "server":"GENERAL0100000D"}}
{"logTime": "1105/045200", "correlationVector":"fcSudhwKLpA54tdE8WCCwm","action":"SyncServerConnectionManagerRequest", "result":"SYNC_SERVER_OK", "context":{"environment":"", "migrationStage":"", "server":""}}
{"logTime": "1105/045200", "correlationVector":"mm3MyG1AbBkwrpZ0N5+P0D","action":"Initial GetUpdates", "result":"", "context":Reason: NEW_CLIENT. cV=mm3MyG1AbBkwrpZ0N5+P0D}
{"logTime": "1105/045200", "correlationVector":"mm3MyG1AbBkwrpZ0N5+P0D.2","action":"GetUpdates Response", "result":"Success", "context":Received 1 update(s). cV=mm3MyG1AbBkwrpZ0N5+P0D.0;server=GENERAL0100000D;cloudType=Consumer;environment=Prod_SoutheastAsia_000j;migrationStage=NotStarted}
{"logTime": "1105/045200", "correlationVector":"DSjd/kWsmVw4niFiOmmaM8","action":"Initial GetUpdates", "result":"", "context":Reason: NEWLY_SUPPORTED_DATATYPE. cV=DSjd/kWsmVw4niFiOmmaM8}
{"logTime": "1105/045201", "correlationVector":"DSjd/kWsmVw4niFiOmmaM8.1","action":"SyncServerConnectionManagerRequest", "result":"SYNC_SERVER_OK", "context":{"environment":"Prod_SoutheastAsia_000j", "migrationStage":"NotStarted", "server":"GENERAL03000023"}}
{"logTime": "1105/045201", "correlationVector":"DSjd/kWsmVw4niFiOmmaM8.2","action":"GetUpdates Response", "result":"Success", "context":Received 1 update(s). cV=DSjd/kWsmVw4niFiOmmaM8.0;server=GENERAL03000023;cloudType=Consumer;environment=Prod_SoutheastAsia_000j;migrationStage=NotStarted}
{"logTime": "1105/045201", "correlationVector":"14r9e5lxwvRT9lES3qOfxM","action":"Normal GetUpdate request", "result":"", "context":cV=14r9e5lxwvRT9lES3qOfxM
Nudged types: Sessions
Refresh requested types: Bookmarks, Preferences, Passwords, Autofill Profiles, Autofill, Typed URLs, Extensions, Sessions, Extension settings, History Delete Directives, Device Info, User Consents, Send Tab To Self, Web Apps, Collection, Edge E Drop, Edge Hub App Usage, Edge Tab Group, Edge Wallet, Encryption Keys}
{"logTime": "1105/045201", "correlationVector":"14r9e5lxwvRT9lES3qOfxM.1","action":"SyncServerConnectionManagerRequest", "result":"SYNC_SERVER_OK", "context":{"environment":"Prod_SoutheastAsia_000j", "migrationStage":"NotStarted", "server":"GENERAL0100000L"}}
{"logTime": "1105/045201", "correlationVector":"14r9e5lxwvRT9lES3qOfxM.2","action":"GetUpdates Response", "result":"Success", "context":Received 1 update(s). cV=14r9e5lxwvRT9lES3qOfxM.0;server=GENERAL0100000L;cloudType=Consumer;environment=Prod_SoutheastAsia_000j;migrationStage=NotStarted}
{"logTime": "1105/045201", "correlationVector":"JfR6BEb0C3S/SFh8EFWAte","action":"Commit Request", "result":"", "context":Item count: 3
Contributing types: Sessions}
{"logTime": "1105/045202", "correlationVector":"JfR6BEb0C3S/SFh8EFWAte.1","action":"SyncServerConnectionManagerRequest", "result":"SYNC_SERVER_OK", "context":{"environment":"Prod_SoutheastAsia_000j", "migrationStage":"NotStarted", "server":"GENERAL0300002D"}}
{"logTime": "1105/045202", "correlationVector":"JfR6BEb0C3S/SFh8EFWAte.2","action":"Commit Response", "result":"Success", "context":Result: Success. cV=JfR6BEb0C3S/SFh8EFWAte.0;server=GENERAL0300002D;cloudType=Consumer;environment=Prod_SoutheastAsia_000j;migrationStage=NotStarted}
{"logTime": "1105/045232", "correlationVector":"8feUONe4G54yrXia31Cquj","action":"Normal GetUpdate request", "result":"", "context":cV=8feUONe4G54yrXia31Cquj
Nudged types: Sessions}
{"logTime": "1105/045232", "correlationVector":"8feUONe4G54yrXia31Cquj.1","action":"SyncServerConnectionManagerRequest", "result":"SYNC_SERVER_OK", "context":{"environment":"Prod_SoutheastAsia_000j", "migrationStage":"NotStarted", "server":"GENERAL0300001E"}}
{"logTime": "1105/045232", "correlationVector":"8feUONe4G54yrXia31Cquj.2","action":"GetUpdates Response", "result":"Success", "context":Received 3 update(s). cV=8feUONe4G54yrXia31Cquj.0;server=GENERAL0300001E;cloudType=Consumer;environment=Prod_SoutheastAsia_000j;migrationStage=NotStarted}
{"logTime": "1105/045232", "correlationVector":"NQH0/+PiY9aWqbp3qYg7xx","action":"Commit Request", "result":"", "context":Item count: 2
Contributing types: Sessions}
{"logTime": "1105/045233", "correlationVector":"NQH0/+PiY9aWqbp3qYg7xx.1","action":"SyncServerConnectionManagerRequest", "result":"SYNC_SERVER_OK", "context":{"environment":"Prod_SoutheastAsia_000j", "migrationStage":"NotStarted", "server":"GENERAL03000003"}}
{"logTime": "1105/045233", "correlationVector":"NQH0/+PiY9aWqbp3qYg7xx.3","action":"Commit.Sessions", "result":"Success", "context":{"id":"4b3fe961-4ec8-4498-877d-6841031f1796", "isDeleted":"true", "size":"0", "version":"1730782319536"}}
{"logTime": "1105/045233", "correlationVector":"NQH0/+PiY9aWqbp3qYg7xx.2","action":"Commit Response", "result":"Success", "context":Result: Success. cV=NQH0/+PiY9aWqbp3qYg7xx.0;server=GENERAL03000003;cloudType=Consumer;environment=Prod_SoutheastAsia_000j;migrationStage=NotStarted}
{"logTime": "1105/045303", "correlationVector":"J3surl5G0POicy5kLXz/Qf","action":"Commit Request", "result":"", "context":Item count: 1
Contributing types: Sessions}
{"logTime": "1105/045303", "correlationVector":"J3surl5G0POicy5kLXz/Qf.1","action":"SyncServerConnectionManagerRequest", "result":"SYNC_SERVER_OK", "context":{"environment":"Prod_SoutheastAsia_000j", "migrationStage":"NotStarted", "server":"GENERAL0300001T"}}
{"logTime": "1105/045303", "correlationVector":"J3surl5G0POicy5kLXz/Qf.2","action":"Commit Response", "result":"Success", "context":Result: Success. cV=J3surl5G0POicy5kLXz/Qf.0;server=GENERAL0300001T;cloudType=Consumer;environment=Prod_SoutheastAsia_000j;migrationStage=NotStarted}
{"logTime": "1105/045336", "correlationVector":"4uGrfCsYKmpVz8nVIf44OU","action":"Commit Request", "result":"", "context":Item count: 1
Contributing types: Sessions}
{"logTime": "1105/045336", "correlationVector":"4uGrfCsYKmpVz8nVIf44OU.1","action":"SyncServerConnectionManagerRequest", "result":"SYNC_SERVER_OK", "context":{"environment":"Prod_SoutheastAsia_000j", "migrationStage":"NotStarted", "server":"GENERAL03000020"}}
{"logTime": "1105/045336", "correlationVector":"4uGrfCsYKmpVz8nVIf44OU.2","action":"Commit Response", "result":"Success", "context":Result: Success. cV=4uGrfCsYKmpVz8nVIf44OU.0;server=GENERAL03000020;cloudType=Consumer;environment=Prod_SoutheastAsia_000j;migrationStage=NotStarted}
{"logTime": "1105/045409", "correlationVector":"TaLrNPe+6GHidMqXey2H3c","action":"Commit Request", "result":"", "context":Item count: 1
Contributing types: Sessions}
{"logTime": "1105/045410", "correlationVector":"TaLrNPe+6GHidMqXey2H3c.1","action":"SyncServerConnectionManagerRequest", "result":"SYNC_SERVER_OK", "context":{"environment":"Prod_SoutheastAsia_000j", "migrationStage":"NotStarted", "server":"GENERAL0300001V"}}
{"logTime": "1105/045410", "correlationVector":"TaLrNPe+6GHidMqXey2H3c.2","action":"Commit Response", "result":"Success", "context":Result: Success. cV=TaLrNPe+6GHidMqXey2H3c.0;server=GENERAL0300001V;cloudType=Consumer;environment=Prod_SoutheastAsia_000j;migrationStage=NotStarted}
{"logTime": "1105/045441", "correlationVector":"X63MOPU99VaxS79KJLxVYz","action":"Commit Request", "result":"", "context":Item count: 1
Contributing types: Sessions}
{"logTime": "1105/045441", "correlationVector":"X63MOPU99VaxS79KJLxVYz.1","action":"SyncServerConnectionManagerRequest", "result":"SYNC_SERVER_OK", "context":{"environment":"Prod_SoutheastAsia_000j", "migrationStage":"NotStarted", "server":"GENERAL0300000D"}}
{"logTime": "1105/045441", "correlationVector":"X63MOPU99VaxS79KJLxVYz.2","action":"Commit Response", "result":"Success", "context":Result: Success. cV=X63MOPU99VaxS79KJLxVYz.0;server=GENERAL0300000D;cloudType=Consumer;environment=Prod_SoutheastAsia_000j;migrationStage=NotStarted}
{"logTime": "1105/045624", "correlationVector":"U53tbxFHjHewdeQDPWecmV","action":"Commit Request", "result":"", "context":Item count: 1
Contributing types: Sessions}
{"logTime": "1105/045625", "correlationVector":"U53tbxFHjHewdeQDPWecmV.1","action":"SyncServerConnectionManagerRequest", "result":"SYNC_SERVER_OK", "context":{"environment":"Prod_SoutheastAsia_000j", "migrationStage":"NotStarted", "server":"GENERAL0300001D"}}
{"logTime": "1105/045625", "correlationVector":"U53tbxFHjHewdeQDPWecmV.2","action":"Commit Response", "result":"Success", "context":Result: Success. cV=U53tbxFHjHewdeQDPWecmV.0;server=GENERAL0300001D;cloudType=Consumer;environment=Prod_SoutheastAsia_000j;migrationStage=NotStarted}
{"logTime": "1105/045658", "correlationVector":"vA0OjX4W3979mktTM1V8z4","action":"Normal GetUpdate request", "result":"", "context":cV=vA0OjX4W3979mktTM1V8z4
Nudged types: Sessions
Refresh requested types: Bookmarks, Preferences, Passwords, Autofill Profiles, Autofill, Typed URLs, Extensions, Sessions, Extension settings, History Delete Directives, Device Info, User Consents, Send Tab To Self, Web Apps, Collection, Edge E Drop, Edge Hub App Usage, Edge Tab Group, Edge Wallet, Encryption Keys}
{"logTime": "1105/045658", "correlationVector":"vA0OjX4W3979mktTM1V8z4.1","action":"SyncServerConnectionManagerRequest", "result":"SYNC_SERVER_OK", "context":{"environment":"Prod_SoutheastAsia_000j", "migrationStage":"NotStarted", "server":"GENERAL03000003"}}
{"logTime": "1105/045658", "correlationVector":"vA0OjX4W3979mktTM1V8z4.2","action":"GetUpdates", "result":"DeleteReceived", "context":{"id":"4b3fe961-4ec8-4498-877d-6841031f1796", "isDeleted:":"true", "version":"1730782350506"}}
{"logTime": "1105/045658", "correlationVector":"vA0OjX4W3979mktTM1V8z4.3","action":"GetUpdates Response", "result":"Success", "context":Received 2 update(s). cV=vA0OjX4W3979mktTM1V8z4.0;server=GENERAL03000003;cloudType=Consumer;environment=Prod_SoutheastAsia_000j;migrationStage=NotStarted}
{"logTime": "1105/045658", "correlationVector":"U9q9Txu1QGaxMoTilb9PSq","action":"Commit Request", "result":"", "context":Item count: 1
Contributing types: Sessions}
{"logTime": "1105/045658", "correlationVector":"U9q9Txu1QGaxMoTilb9PSq.1","action":"SyncServerConnectionManagerRequest", "result":"SYNC_SERVER_OK", "context":{"environment":"Prod_SoutheastAsia_000j", "migrationStage":"NotStarted", "server":"GENERAL01000004"}}
{"logTime": "1105/045658", "correlationVector":"U9q9Txu1QGaxMoTilb9PSq.2","action":"Commit Response", "result":"Success", "context":Result: Success. cV=U9q9Txu1QGaxMoTilb9PSq.0;server=GENERAL01000004;cloudType=Consumer;environment=Prod_SoutheastAsia_000j;migrationStage=NotStarted}
{"logTime": "1105/045728", "correlationVector":"Se2RqvVKBZn/JVb8UDLVhM","action":"Commit Request", "result":"", "context":Item count: 1
Contributing types: Sessions}
{"logTime": "1105/045729", "correlationVector":"Se2RqvVKBZn/JVb8UDLVhM.1","action":"SyncServerConnectionManagerRequest", "result":"SYNC_SERVER_OK", "context":{"environment":"Prod_SoutheastAsia_000j", "migrationStage":"NotStarted", "server":"GENERAL03000012"}}
{"logTime": "1105/045729", "correlationVector":"Se2RqvVKBZn/JVb8UDLVhM.2","action":"Commit Response", "result":"Success", "context":Result: Success. cV=Se2RqvVKBZn/JVb8UDLVhM.0;server=GENERAL03000012;cloudType=Consumer;environment=Prod_SoutheastAsia_000j;migrationStage=NotStarted}
{"logTime": "1105/045827", "correlationVector":"wly4zXFDDPPp+jUXmXFuKZ","action":"Commit Request", "result":"", "context":Item count: 1
Contributing types: Sessions}
{"logTime": "1105/045827", "correlationVector":"wly4zXFDDPPp+jUXmXFuKZ.1","action":"SyncServerConnectionManagerRequest", "result":"SYNC_SERVER_OK", "context":{"environment":"Prod_SoutheastAsia_000j", "migrationStage":"NotStarted", "server":"GENERAL01000010"}}
{"logTime": "1105/045827", "correlationVector":"wly4zXFDDPPp+jUXmXFuKZ.2","action":"Commit Response", "result":"Success", "context":Result: Success. cV=wly4zXFDDPPp+jUXmXFuKZ.0;server=GENERAL01000010;cloudType=Consumer;environment=Prod_SoutheastAsia_000j;migrationStage=NotStarted}
{"logTime": "1105/050158", "correlationVector":"IsXy4rIIGTqKB0hdJfEHaM","action":"Normal GetUpdate request", "result":"", "context":cV=IsXy4rIIGTqKB0hdJfEHaM
Refresh requested types: Bookmarks, Preferences, Passwords, Autofill Profiles, Autofill, Typed URLs, Extensions, Sessions, Extension settings, History Delete Directives, Device Info, User Consents, Send Tab To Self, Web Apps, Collection, Edge E Drop, Edge Hub App Usage, Edge Tab Group, Edge Wallet, Encryption Keys}
{"logTime": "1105/050158", "correlationVector":"IsXy4rIIGTqKB0hdJfEHaM.1","action":"SyncServerConnectionManagerRequest", "result":"SYNC_SERVER_OK", "context":{"environment":"Prod_SoutheastAsia_000j", "migrationStage":"NotStarted", "server":"GENERAL01000000"}}
{"logTime": "1105/050158", "correlationVector":"IsXy4rIIGTqKB0hdJfEHaM.2","action":"GetUpdates Response", "result":"Success", "context":Received 1 update(s). cV=IsXy4rIIGTqKB0hdJfEHaM.0;server=GENERAL01000000;cloudType=Consumer;environment=Prod_SoutheastAsia_000j;migrationStage=NotStarted}
{"logTime": "1105/050409", "correlationVector":"GsgGmV2YgeHjOZxBBPQpbs","action":"Normal GetUpdate request", "result":"", "context":cV=GsgGmV2YgeHjOZxBBPQpbs
Nudged types: Sessions}
{"logTime": "1105/050410", "correlationVector":"GsgGmV2YgeHjOZxBBPQpbs.1","action":"SyncServerConnectionManagerRequest", "result":"SYNC_SERVER_OK", "context":{"environment":"Prod_SoutheastAsia_000j", "migrationStage":"NotStarted", "server":"GENERAL0100000R"}}
{"logTime": "1105/050410", "correlationVector":"GsgGmV2YgeHjOZxBBPQpbs.2","action":"GetUpdates Response", "result":"Success", "context":Received 0 update(s). cV=GsgGmV2YgeHjOZxBBPQpbs.0;server=GENERAL0100000R;cloudType=Consumer;environment=Prod_SoutheastAsia_000j;migrationStage=NotStarted}
{"logTime": "1105/050410", "correlationVector":"jRYEbzgtGqv+nEs2VjcUKg","action":"Commit Request", "result":"", "context":Item count: 1
Contributing types: Sessions}
{"logTime": "1105/050410", "correlationVector":"jRYEbzgtGqv+nEs2VjcUKg.1","action":"SyncServerConnectionManagerRequest", "result":"SYNC_SERVER_OK", "context":{"environment":"Prod_SoutheastAsia_000j", "migrationStage":"NotStarted", "server":"GENERAL03000003"}}
{"logTime": "1105/050410", "correlationVector":"jRYEbzgtGqv+nEs2VjcUKg.2","action":"Commit Response", "result":"Success", "context":Result: Success. cV=jRYEbzgtGqv+nEs2VjcUKg.0;server=GENERAL03000003;cloudType=Consumer;environment=Prod_SoutheastAsia_000j;migrationStage=NotStarted}
{"logTime": "1105/050440", "correlationVector":"QL8d4BekFM1OS3D5+b7hyf","action":"Commit Request", "result":"", "context":Item count: 1
Contributing types: Sessions}
{"logTime": "1105/050440", "correlationVector":"QL8d4BekFM1OS3D5+b7hyf.1","action":"SyncServerConnectionManagerRequest", "result":"SYNC_SERVER_OK", "context":{"environment":"Prod_SoutheastAsia_000j", "migrationStage":"NotStarted", "server":"GENERAL0300001O"}}
{"logTime": "1105/050440", "correlationVector":"QL8d4BekFM1OS3D5+b7hyf.2","action":"Commit Response", "result":"Success", "context":Result: Success. cV=QL8d4BekFM1OS3D5+b7hyf.0;server=GENERAL0300001O;cloudType=Consumer;environment=Prod_SoutheastAsia_000j;migrationStage=NotStarted}
{"logTime": "1105/050515", "correlationVector":"+9RmUx2RQ06vniaN+8zeIk","action":"Commit Request", "result":"", "context":Item count: 1
Contributing types: Sessions}
{"logTime": "1105/050515", "correlationVector":"+9RmUx2RQ06vniaN+8zeIk.1","action":"SyncServerConnectionManagerRequest", "result":"SYNC_SERVER_OK", "context":{"environment":"Prod_SoutheastAsia_000j", "migrationStage":"NotStarted", "server":"GENERAL01000017"}}
{"logTime": "1105/050515", "correlationVector":"+9RmUx2RQ06vniaN+8zeIk.2","action":"Commit Response", "result":"Success", "context":Result: Success. cV=+9RmUx2RQ06vniaN+8zeIk.0;server=GENERAL01000017;cloudType=Consumer;environment=Prod_SoutheastAsia_000j;migrationStage=NotStarted}
{"logTime": "1105/050620", "correlationVector":"ksogejk7TQMUFWkcpTI1ML","action":"Commit Request", "result":"", "context":Item count: 1
Contributing types: Sessions}
{"logTime": "1105/050621", "correlationVector":"ksogejk7TQMUFWkcpTI1ML.1","action":"SyncServerConnectionManagerRequest", "result":"SYNC_SERVER_OK", "context":{"environment":"Prod_SoutheastAsia_000j", "migrationStage":"NotStarted", "server":"GENERAL0300001Z"}}
{"logTime": "1105/050621", "correlationVector":"ksogejk7TQMUFWkcpTI1ML.2","action":"Commit Response", "result":"Success", "context":Result: Success. cV=ksogejk7TQMUFWkcpTI1ML.0;server=GENERAL0300001Z;cloudType=Consumer;environment=Prod_SoutheastAsia_000j;migrationStage=NotStarted}
